[0.017s] Invoking command in '/home/makotokurihara/projects/domain_bridge/build/domain_bridge': CMAKE_PREFIX_PATH=/opt/ros/humble /usr/bin/cmake /home/makotokurihara/projects/domain_bridge -DCMAKE_INSTALL_PREFIX=/home/makotokurihara/projects/domain_bridge/install/domain_bridge
[0.126s] -- The C compiler identification is GNU 11.4.0
[0.241s] -- The CXX compiler identification is GNU 11.4.0
[0.260s] -- Detecting C compiler ABI info
[0.335s] -- Detecting C compiler ABI info - done
[0.342s] -- Check for working C compiler: /usr/lib/ccache/gcc - skipped
[0.343s] -- Detecting C compile features
[0.343s] -- Detecting C compile features - done
[0.347s] -- Detecting CXX compiler ABI info
[0.440s] -- Detecting CXX compiler ABI info - done
[0.446s] -- Check for working CXX compiler: /usr/lib/ccache/g++ - skipped
[0.447s] -- Detecting CXX compile features
[0.447s] -- Detecting CXX compile features - done
[0.449s] -- Found ament_cmake: 1.3.13 (/opt/ros/humble/share/ament_cmake/cmake)
[0.585s] -- Found Python3: /usr/bin/python3 (found version "3.10.12") found components: Interpreter 
[0.670s] -- Found rclcpp: 16.0.18 (/opt/ros/humble/share/rclcpp/cmake)
[0.725s] -- Found rosidl_generator_c: 3.1.8 (/opt/ros/humble/share/rosidl_generator_c/cmake)
[0.729s] -- Found rosidl_adapter: 3.1.8 (/opt/ros/humble/share/rosidl_adapter/cmake)
[0.735s] -- Found rosidl_generator_cpp: 3.1.8 (/opt/ros/humble/share/rosidl_generator_cpp/cmake)
[0.745s] -- Using all available rosidl_typesupport_c: rosidl_typesupport_fastrtps_c;rosidl_typesupport_introspection_c
[0.756s] -- Using all available rosidl_typesupport_cpp: rosidl_typesupport_fastrtps_cpp;rosidl_typesupport_introspection_cpp
[0.788s] -- Found rmw_implementation_cmake: 6.1.2 (/opt/ros/humble/share/rmw_implementation_cmake/cmake)
[0.790s] -- Found rmw_cyclonedds_cpp: 1.3.4 (/opt/ros/humble/share/rmw_cyclonedds_cpp/cmake)
[0.812s] -- Using RMW implementation 'rmw_cyclonedds_cpp' as default
[0.823s] -- Looking for pthread.h
[0.956s] -- Looking for pthread.h - found
[0.957s] -- Performing Test CMAKE_HAVE_LIBC_PTHREAD
[1.075s] -- Performing Test CMAKE_HAVE_LIBC_PTHREAD - Success
[1.076s] -- Found Threads: TRUE  
[1.164s] -- Found rclcpp_components: 16.0.18 (/opt/ros/humble/share/rclcpp_components/cmake)
[1.190s] -- Found rosbag2_cpp: 0.15.16 (/opt/ros/humble/share/rosbag2_cpp/cmake)
[1.213s] -- Found rosidl_default_generators: 1.2.0 (/opt/ros/humble/share/rosidl_default_generators/cmake)
[1.219s] -- Found zstd_vendor: 0.15.16 (/opt/ros/humble/share/zstd_vendor/cmake)
[1.223s] -- Found zstd: /usr/lib/x86_64-linux-gnu/libzstd.so (found version "1.4.8") 
[1.458s] -- Found ament_cmake_ros: 0.10.0 (/opt/ros/humble/share/ament_cmake_ros/cmake)
[1.743s] -- Using all available rosidl_typesupport_c: rosidl_typesupport_fastrtps_c;rosidl_typesupport_introspection_c
[1.844s] -- Using all available rosidl_typesupport_cpp: rosidl_typesupport_fastrtps_cpp;rosidl_typesupport_introspection_cpp
[1.863s] -- Found PythonInterp: /usr/bin/python3 (found suitable version "3.10.12", minimum required is "3.6") 
[1.864s] -- Found python_cmake_module: 0.10.0 (/opt/ros/humble/share/python_cmake_module/cmake)
[1.896s] -- Found PythonLibs: /usr/lib/x86_64-linux-gnu/libpython3.10.so (found suitable version "3.10.12", minimum required is "3.5") 
[1.896s] -- Using PYTHON_EXECUTABLE: /usr/bin/python3
[1.897s] -- Using PYTHON_INCLUDE_DIRS: /usr/include/python3.10
[1.897s] -- Using PYTHON_LIBRARIES: /usr/lib/x86_64-linux-gnu/libpython3.10.so
[1.924s] -- Found PythonExtra: .so  
[1.978s] -- Found ament_lint_auto: 0.12.15 (/opt/ros/humble/share/ament_lint_auto/cmake)
[1.980s] -- Found test_msgs: 1.2.2 (/opt/ros/humble/share/test_msgs/cmake)
[2.104s] -- Using PYTHON_EXECUTABLE: /usr/bin/python3
[2.105s] -- Using PYTHON_INCLUDE_DIRS: /usr/include/python3.10
[2.105s] -- Using PYTHON_LIBRARIES: /usr/lib/x86_64-linux-gnu/libpython3.10.so
[2.128s] -- Found TinyXML2 via Config file: TinyXML2_DIR-NOTFOUND
[2.237s] -- Found OpenSSL: /usr/lib/x86_64-linux-gnu/libcrypto.so (found version "3.0.2")  
[2.240s] -- Found TinyXML2 via Config file: TinyXML2_DIR-NOTFOUND
[2.257s] -- Found FastRTPS: /opt/ros/humble/include  
[2.259s] -- Found TinyXML2 via Config file: TinyXML2_DIR-NOTFOUND
[2.271s] -- Found TinyXML2 via Config file: TinyXML2_DIR-NOTFOUND
[2.299s] -- Found gmock sources under '/opt/ros/humble/src/gmock_vendor': C++ tests using 'Google Mock' will be built
[2.304s] -- Found gtest sources under '/opt/ros/humble/src/gtest_vendor': C++ tests using 'Google Test' will be built
[2.324s] -- Added test 'copyright' to check source files copyright and LICENSE
[2.341s] -- Added test 'cppcheck' to perform static code analysis on C / C++ code
[2.343s] -- Configured cppcheck include dirs: $<BUILD_INTERFACE:/home/makotokurihara/projects/domain_bridge/build/domain_bridge/rosidl_generator_c>;$<BUILD_INTERFACE:/home/makotokurihara/projects/domain_bridge/build/domain_bridge/rosidl_typesupport_fastrtps_c>;$<BUILD_INTERFACE:/home/makotokurihara/projects/domain_bridge/build/domain_bridge/rosidl_generator_cpp>;$<BUILD_INTERFACE:/home/makotokurihara/projects/domain_bridge/build/domain_bridge/rosidl_typesupport_fastrtps_cpp>;$<BUILD_INTERFACE:/home/makotokurihara/projects/domain_bridge/build/domain_bridge/rosidl_typesupport_introspection_c>;$<BUILD_INTERFACE:/home/makotokurihara/projects/domain_bridge/build/domain_bridge/rosidl_typesupport_introspection_cpp>;/home/makotokurihara/projects/domain_bridge/build/domain_bridge/rosidl_generator_c;/home/makotokurihara/projects/domain_bridge/build/domain_bridge/rosidl_generator_py;$<BUILD_INTERFACE:/home/makotokurihara/projects/domain_bridge/include>
[2.343s] -- Configured cppcheck exclude dirs and/or files: 
[2.360s] -- Added test 'cpplint' to check C / C++ code against the Google style
[2.360s] -- Configured cpplint exclude dirs and/or files: 
[2.365s] -- Added test 'flake8' to check Python code syntax and style conventions
[2.372s] -- Added test 'lint_cmake' to check CMake code style
[2.375s] -- Added test 'pep257' to check Python code against some of the docstring style conventions in PEP 257
[2.387s] -- Added test 'uncrustify' to check C / C++ code style
[2.387s] -- Configured uncrustify additional arguments: 
[2.389s] -- Added test 'xmllint' to check XML markup files
[2.392s] -- Configuring done
[2.463s] -- Generating done
[2.486s] -- Build files have been written to: /home/makotokurihara/projects/domain_bridge/build/domain_bridge
[2.496s] Invoked command in '/home/makotokurihara/projects/domain_bridge/build/domain_bridge' returned '0': CMAKE_PREFIX_PATH=/opt/ros/humble /usr/bin/cmake /home/makotokurihara/projects/domain_bridge -DCMAKE_INSTALL_PREFIX=/home/makotokurihara/projects/domain_bridge/install/domain_bridge
[2.497s] Invoking command in '/home/makotokurihara/projects/domain_bridge/build/domain_bridge': CMAKE_PREFIX_PATH=/opt/ros/humble /usr/bin/cmake --build /home/makotokurihara/projects/domain_bridge/build/domain_bridge -- -j14 -l14
[2.581s] [  1%] Generating C code for ROS interfaces
[2.604s] [  2%] Building CXX object CMakeFiles/test_component.dir/rclcpp_components/node_main_test_component.cpp.o
[2.605s] [  4%] Generating C++ code for ROS interfaces
[2.616s] [  4%] Built target ament_cmake_python_copy_domain_bridge
[2.620s] [  5%] Building CXX object CMakeFiles/domain_bridge_test_component_lib.dir/test/domain_bridge/test_component.cpp.o
[2.630s] [  7%] Building CXX object gmock/CMakeFiles/gmock.dir/src/gmock-all.cc.o
[2.635s] [ 10%] Building CXX object gmock/CMakeFiles/gmock_main.dir/src/gmock_main.cc.o
[2.635s] [ 10%] Building CXX object gmock/CMakeFiles/gmock.dir/opt/ros/humble/src/gtest_vendor/src/gtest-all.cc.o
[2.906s] [ 10%] Built target domain_bridge__cpp
[2.911s] [ 11%] Building C object CMakeFiles/domain_bridge__rosidl_generator_c.dir/rosidl_generator_c/domain_bridge/msg/detail/compressed_msg__functions.c.o
[2.942s] [ 13%] Generating C++ introspection for ROS interfaces
[2.948s] [ 14%] Generating C++ type support dispatch for ROS interfaces
[2.948s] running egg_info
[2.948s] [ 16%] Generating C++ type support for eProsima Fast-RTPS
[2.949s] creating domain_bridge.egg-info
[2.949s] writing domain_bridge.egg-info/PKG-INFO
[2.949s] writing dependency_links to domain_bridge.egg-info/dependency_links.txt
[2.949s] writing top-level names to domain_bridge.egg-info/top_level.txt
[2.950s] writing manifest file 'domain_bridge.egg-info/SOURCES.txt'
[2.952s] reading manifest file 'domain_bridge.egg-info/SOURCES.txt'
[2.953s] writing manifest file 'domain_bridge.egg-info/SOURCES.txt'
[3.005s] [ 16%] Built target ament_cmake_python_build_domain_bridge_egg
[3.044s] [ 17%] Linking C shared library libdomain_bridge__rosidl_generator_c.so
[3.121s] [ 17%] Built target domain_bridge__rosidl_generator_c
[3.149s] [ 19%] Generating C type support for eProsima Fast-RTPS
[3.156s] [ 20%] Generating C introspection for ROS interfaces
[3.158s] [ 22%] Generating C type support dispatch for ROS interfaces
[3.225s] [ 23%] Building CXX object CMakeFiles/domain_bridge__rosidl_typesupport_cpp.dir/rosidl_typesupport_cpp/domain_bridge/msg/compressed_msg__type_support.cpp.o
[3.308s] [ 25%] Building CXX object CMakeFiles/domain_bridge__rosidl_typesupport_introspection_cpp.dir/rosidl_typesupport_introspection_cpp/domain_bridge/msg/detail/compressed_msg__type_support.cpp.o
[3.313s] [ 26%] Building CXX object CMakeFiles/domain_bridge__rosidl_typesupport_fastrtps_cpp.dir/rosidl_typesupport_fastrtps_cpp/domain_bridge/msg/detail/dds_fastrtps/compressed_msg__type_support.cpp.o
[3.481s] [ 27%] Building CXX object CMakeFiles/domain_bridge__rosidl_typesupport_c.dir/rosidl_typesupport_c/domain_bridge/msg/compressed_msg__type_support.cpp.o
[3.486s] [ 29%] Building CXX object CMakeFiles/domain_bridge__rosidl_typesupport_fastrtps_c.dir/rosidl_typesupport_fastrtps_c/domain_bridge/msg/detail/compressed_msg__type_support_c.cpp.o
[3.515s] [ 30%] Building C object CMakeFiles/domain_bridge__rosidl_typesupport_introspection_c.dir/rosidl_typesupport_introspection_c/domain_bridge/msg/detail/compressed_msg__type_support.c.o
[3.607s] [ 32%] Linking CXX shared library libdomain_bridge__rosidl_typesupport_c.so
[3.635s] [ 33%] Linking C shared library libdomain_bridge__rosidl_typesupport_introspection_c.so
[3.727s] [ 33%] Built target domain_bridge__rosidl_typesupport_c
[3.732s] [ 35%] Linking CXX shared library libdomain_bridge__rosidl_typesupport_cpp.so
[3.750s] [ 35%] Built target domain_bridge__rosidl_typesupport_introspection_c
[3.804s] [ 35%] Built target domain_bridge__rosidl_typesupport_cpp
[3.830s] [ 36%] Linking CXX shared library libdomain_bridge__rosidl_typesupport_introspection_cpp.so
[3.891s] [ 38%] Building CXX object CMakeFiles/domain_bridge_lib.dir/src/domain_bridge/qos_options.cpp.o
[3.903s] [ 39%] Building CXX object CMakeFiles/domain_bridge_lib.dir/src/domain_bridge/component_manager.cpp.o
[3.913s] [ 41%] Building CXX object CMakeFiles/domain_bridge_lib.dir/src/domain_bridge/domain_bridge.cpp.o
[3.916s] [ 42%] Building CXX object CMakeFiles/domain_bridge_lib.dir/src/domain_bridge/compress_messages.cpp.o
[3.920s] [ 44%] Building CXX object CMakeFiles/domain_bridge_lib.dir/src/domain_bridge/domain_bridge_options.cpp.o
[3.921s] [ 45%] Building CXX object CMakeFiles/domain_bridge_lib.dir/src/domain_bridge/parse_domain_bridge_yaml_config.cpp.o
[4.023s] [ 47%] Linking CXX shared library libdomain_bridge__rosidl_typesupport_fastrtps_cpp.so
[4.039s] [ 48%] Linking CXX shared library libdomain_bridge__rosidl_typesupport_fastrtps_c.so
[4.058s] [ 48%] Built target domain_bridge__rosidl_typesupport_introspection_cpp
[4.090s] [ 50%] Building CXX object CMakeFiles/domain_bridge_lib.dir/src/domain_bridge/service_bridge_options.cpp.o
[4.247s] [ 50%] Built target domain_bridge__rosidl_typesupport_fastrtps_cpp
[4.291s] [ 50%] Built target domain_bridge__rosidl_typesupport_fastrtps_c
[4.304s] [ 51%] Building CXX object CMakeFiles/domain_bridge_lib.dir/src/domain_bridge/service_typesupport_helpers.cpp.o
[4.341s] [ 52%] Linking CXX static library libgmock_main.a
[4.487s] [ 52%] Built target domain_bridge
[4.624s] [ 54%] Generating Python code for ROS interfaces
[4.631s] [ 55%] Building CXX object CMakeFiles/domain_bridge_lib.dir/src/domain_bridge/topic_bridge_options.cpp.o
[4.636s] [ 55%] Built target gmock_main
[5.168s] [ 55%] Built target domain_bridge__py
[5.223s] [ 57%] Building C object CMakeFiles/domain_bridge__rosidl_generator_py.dir/rosidl_generator_py/domain_bridge/msg/_compressed_msg_s.c.o
[5.431s] [ 58%] Linking C shared library rosidl_generator_py/domain_bridge/libdomain_bridge__rosidl_generator_py.so
[5.522s] [ 58%] Built target domain_bridge__rosidl_generator_py
[5.616s] [ 60%] Building C object CMakeFiles/domain_bridge__rosidl_typesupport_fastrtps_c__pyext.dir/rosidl_generator_py/domain_bridge/_domain_bridge_s.ep.rosidl_typesupport_fastrtps_c.c.o
[5.624s] [ 61%] Building C object CMakeFiles/domain_bridge__rosidl_typesupport_introspection_c__pyext.dir/rosidl_generator_py/domain_bridge/_domain_bridge_s.ep.rosidl_typesupport_introspection_c.c.o
[5.626s] [ 63%] Building C object CMakeFiles/domain_bridge__rosidl_typesupport_c__pyext.dir/rosidl_generator_py/domain_bridge/_domain_bridge_s.ep.rosidl_typesupport_c.c.o
[5.893s] [ 64%] Linking C shared library rosidl_generator_py/domain_bridge/domain_bridge_s__rosidl_typesupport_fastrtps_c.cpython-310-x86_64-linux-gnu.so
[5.920s] [ 66%] Linking C shared library rosidl_generator_py/domain_bridge/domain_bridge_s__rosidl_typesupport_introspection_c.cpython-310-x86_64-linux-gnu.so
[5.924s] [ 67%] Linking C shared library rosidl_generator_py/domain_bridge/domain_bridge_s__rosidl_typesupport_c.cpython-310-x86_64-linux-gnu.so
[5.994s] [ 67%] Built target domain_bridge__rosidl_typesupport_fastrtps_c__pyext
[6.012s] [ 67%] Built target domain_bridge__rosidl_typesupport_introspection_c__pyext
[6.020s] [ 67%] Built target domain_bridge__rosidl_typesupport_c__pyext
[6.342s] [ 69%] Linking CXX static library libgmock.a
[6.414s] [ 69%] Built target gmock
[6.904s] [ 70%] Linking CXX executable test_component
[7.036s] [ 70%] Built target test_component
[8.084s] [ 72%] Linking CXX shared library libdomain_bridge_test_component_lib.so
[8.258s] [ 72%] Built target domain_bridge_test_component_lib
[12.154s] [ 73%] Linking CXX shared library libdomain_bridge.so
[12.575s] [ 73%] Built target domain_bridge_lib
[12.642s] [ 75%] Building CXX object test/CMakeFiles/test_domain_bridge.dir/domain_bridge/test_domain_bridge.cpp.o
[12.652s] [ 76%] Building CXX object test/CMakeFiles/test_parse_domain_bridge_yaml_config.dir/domain_bridge/test_parse_domain_bridge_yaml_config.cpp.o
[12.662s] [ 77%] Building CXX object CMakeFiles/domain_bridge_exec.dir/src/domain_bridge.cpp.o
[12.663s] [ 79%] Building CXX object test/CMakeFiles/test_domain_bridge_end_to_end__rmw_fastrtps_cpp.dir/domain_bridge/test_domain_bridge_end_to_end.cpp.o
[12.671s] [ 80%] Building CXX object test/CMakeFiles/test_domain_bridge_services__rmw_cyclonedds_cpp.dir/domain_bridge/test_domain_bridge_services.cpp.o
[12.671s] [ 82%] Building CXX object test/CMakeFiles/test_qos_matching__rmw_fastrtps_cpp.dir/domain_bridge/test_qos_matching.cpp.o
[12.673s] [ 83%] Building CXX object test/CMakeFiles/test_qos_matching__rmw_cyclonedds_cpp.dir/domain_bridge/test_qos_matching.cpp.o
[12.683s] [ 86%] Building CXX object test/CMakeFiles/test_domain_bridge_end_to_end__rmw_cyclonedds_cpp.dir/domain_bridge/test_domain_bridge_end_to_end.cpp.o
[12.683s] [ 86%] Building CXX object test/CMakeFiles/test_domain_bridge_services__rmw_fastrtps_cpp.dir/domain_bridge/test_domain_bridge_services.cpp.o
[15.738s] [ 88%] Linking CXX executable test_domain_bridge
[15.842s] [ 89%] Linking CXX executable test_parse_domain_bridge_yaml_config
[16.222s] [ 89%] Built target test_domain_bridge
[16.223s] [ 89%] Built target test_parse_domain_bridge_yaml_config
[16.624s] In file included from /home/makotokurihara/projects/domain_bridge/include/domain_bridge/domain_bridge.hpp:165,
[16.624s]                  from /home/makotokurihara/projects/domain_bridge/test/domain_bridge/test_domain_bridge_services.cpp:28:
[16.624s] /home/makotokurihara/projects/domain_bridge/include/domain_bridge/service_bridge_impl.inc: In instantiation of ‘void domain_bridge::DomainBridge::bridge_service(const string&, size_t, size_t, const domain_bridge::ServiceBridgeOptions&) [with ServiceT = test_msgs::srv::Empty; std::string = std::__cxx11::basic_string<char>; size_t = long unsigned int]’:
[16.624s] /home/makotokurihara/projects/domain_bridge/test/domain_bridge/test_domain_bridge_services.cpp:136:47:   required from here
[16.624s] /home/makotokurihara/projects/domain_bridge/include/domain_bridge/service_bridge_impl.inc:106:13: error: cannot convert ‘rclcpp::ServicesQoS’ to ‘const rmw_qos_profile_t&’ {aka ‘const rmw_qos_profile_s&’}
[16.624s]   106 |     rclcpp::ServicesQoS{},
[16.624s]       |             ^~~~~~~~~~~~~
[16.625s]       |             |
[16.625s]       |             rclcpp::ServicesQoS
[16.625s] In file included from /opt/ros/humble/include/rclcpp/rclcpp/node.hpp:1321,
[16.625s]                  from /opt/ros/humble/include/rclcpp/rclcpp/executors/single_threaded_executor.hpp:28,
[16.625s]                  from /opt/ros/humble/include/rclcpp/rclcpp/executors.hpp:22,
[16.625s]                  from /home/makotokurihara/projects/domain_bridge/test/domain_bridge/test_domain_bridge_services.cpp:24:
[16.625s] /opt/ros/humble/include/rclcpp/rclcpp/node_impl.hpp:127:29: note:   initializing argument 2 of ‘typename rclcpp::Client<ServiceT>::SharedPtr rclcpp::Node::create_client(const string&, const rmw_qos_profile_t&, rclcpp::CallbackGroup::SharedPtr) [with ServiceT = test_msgs::srv::Empty; typename rclcpp::Client<ServiceT>::SharedPtr = std::shared_ptr<rclcpp::Client<test_msgs::srv::Empty> >; std::string = std::__cxx11::basic_string<char>; rmw_qos_profile_t = rmw_qos_profile_s; rclcpp::CallbackGroup::SharedPtr = std::shared_ptr<rclcpp::CallbackGroup>]’
[16.625s]   127 |   const rmw_qos_profile_t & qos_profile,
[16.625s]       |   ~~~~~~~~~~~~~~~~~~~~~~~~~~^~~~~~~~~~~
[16.627s] gmake[2]: *** [test/CMakeFiles/test_domain_bridge_services__rmw_cyclonedds_cpp.dir/build.make:76: test/CMakeFiles/test_domain_bridge_services__rmw_cyclonedds_cpp.dir/domain_bridge/test_domain_bridge_services.cpp.o] Error 1
[16.628s] gmake[1]: *** [CMakeFiles/Makefile2:924: test/CMakeFiles/test_domain_bridge_services__rmw_cyclonedds_cpp.dir/all] Error 2
[16.628s] gmake[1]: *** Waiting for unfinished jobs....
[17.036s] [ 91%] Linking CXX executable domain_bridge
[17.037s] [ 92%] Linking CXX executable test_qos_matching__rmw_fastrtps_cpp
[17.041s] In file included from /home/makotokurihara/projects/domain_bridge/include/domain_bridge/domain_bridge.hpp:165,
[17.041s]                  from /home/makotokurihara/projects/domain_bridge/test/domain_bridge/test_domain_bridge_services.cpp:28:
[17.041s] /home/makotokurihara/projects/domain_bridge/include/domain_bridge/service_bridge_impl.inc: In instantiation of ‘void domain_bridge::DomainBridge::bridge_service(const string&, size_t, size_t, const domain_bridge::ServiceBridgeOptions&) [with ServiceT = test_msgs::srv::Empty; std::string = std::__cxx11::basic_string<char>; size_t = long unsigned int]’:
[17.041s] /home/makotokurihara/projects/domain_bridge/test/domain_bridge/test_domain_bridge_services.cpp:136:47:   required from here
[17.041s] /home/makotokurihara/projects/domain_bridge/include/domain_bridge/service_bridge_impl.inc:106:13: error: cannot convert ‘rclcpp::ServicesQoS’ to ‘const rmw_qos_profile_t&’ {aka ‘const rmw_qos_profile_s&’}
[17.041s]   106 |     rclcpp::ServicesQoS{},
[17.041s]       |             ^~~~~~~~~~~~~
[17.041s]       |             |
[17.041s]       |             rclcpp::ServicesQoS
[17.041s] In file included from /opt/ros/humble/include/rclcpp/rclcpp/node.hpp:1321,
[17.042s]                  from /opt/ros/humble/include/rclcpp/rclcpp/executors/single_threaded_executor.hpp:28,
[17.042s]                  from /opt/ros/humble/include/rclcpp/rclcpp/executors.hpp:22,
[17.042s]                  from /home/makotokurihara/projects/domain_bridge/test/domain_bridge/test_domain_bridge_services.cpp:24:
[17.042s] /opt/ros/humble/include/rclcpp/rclcpp/node_impl.hpp:127:29: note:   initializing argument 2 of ‘typename rclcpp::Client<ServiceT>::SharedPtr rclcpp::Node::create_client(const string&, const rmw_qos_profile_t&, rclcpp::CallbackGroup::SharedPtr) [with ServiceT = test_msgs::srv::Empty; typename rclcpp::Client<ServiceT>::SharedPtr = std::shared_ptr<rclcpp::Client<test_msgs::srv::Empty> >; std::string = std::__cxx11::basic_string<char>; rmw_qos_profile_t = rmw_qos_profile_s; rclcpp::CallbackGroup::SharedPtr = std::shared_ptr<rclcpp::CallbackGroup>]’
[17.042s]   127 |   const rmw_qos_profile_t & qos_profile,
[17.042s]       |   ~~~~~~~~~~~~~~~~~~~~~~~~~~^~~~~~~~~~~
[17.044s] gmake[2]: *** [test/CMakeFiles/test_domain_bridge_services__rmw_fastrtps_cpp.dir/build.make:76: test/CMakeFiles/test_domain_bridge_services__rmw_fastrtps_cpp.dir/domain_bridge/test_domain_bridge_services.cpp.o] Error 1
[17.044s] gmake[1]: *** [CMakeFiles/Makefile2:1014: test/CMakeFiles/test_domain_bridge_services__rmw_fastrtps_cpp.dir/all] Error 2
[17.313s] [ 92%] Built target domain_bridge_exec
[17.464s] [ 92%] Built target test_qos_matching__rmw_fastrtps_cpp
[17.709s] [ 94%] Linking CXX executable test_qos_matching__rmw_cyclonedds_cpp
[18.248s] [ 94%] Built target test_qos_matching__rmw_cyclonedds_cpp
[25.996s] [ 95%] Linking CXX executable test_domain_bridge_end_to_end__rmw_cyclonedds_cpp
[26.000s] [ 97%] Linking CXX executable test_domain_bridge_end_to_end__rmw_fastrtps_cpp
[26.795s] [ 97%] Built target test_domain_bridge_end_to_end__rmw_fastrtps_cpp
[26.929s] [ 97%] Built target test_domain_bridge_end_to_end__rmw_cyclonedds_cpp
[26.931s] gmake: *** [Makefile:146: all] Error 2
[26.934s] Invoked command in '/home/makotokurihara/projects/domain_bridge/build/domain_bridge' returned '2': CMAKE_PREFIX_PATH=/opt/ros/humble /usr/bin/cmake --build /home/makotokurihara/projects/domain_bridge/build/domain_bridge -- -j14 -l14
