[0.015s] Invoking command in '/home/makotokurihara/projects/domain_bridge/build/domain_bridge': CMAKE_PREFIX_PATH=/opt/ros/humble /usr/bin/cmake --build /home/makotokurihara/projects/domain_bridge/build/domain_bridge -- -j14 -l14
[0.055s] -- Found ament_cmake: 1.3.13 (/opt/ros/humble/share/ament_cmake/cmake)
[0.170s] -- Found ament_index_cpp: 1.4.1 (/opt/ros/humble/share/ament_index_cpp/cmake)
[0.171s] -- Found rclcpp: 16.0.18 (/opt/ros/humble/share/rclcpp/cmake)
[0.192s] -- Found rosidl_generator_c: 3.1.8 (/opt/ros/humble/share/rosidl_generator_c/cmake)
[0.193s] -- Found rosidl_adapter: 3.1.8 (/opt/ros/humble/share/rosidl_adapter/cmake)
[0.197s] -- Found rosidl_generator_cpp: 3.1.8 (/opt/ros/humble/share/rosidl_generator_cpp/cmake)
[0.202s] -- Using all available rosidl_typesupport_c: rosidl_typesupport_fastrtps_c;rosidl_typesupport_introspection_c
[0.209s] -- Using all available rosidl_typesupport_cpp: rosidl_typesupport_fastrtps_cpp;rosidl_typesupport_introspection_cpp
[0.229s] -- Found rmw_implementation_cmake: 6.1.2 (/opt/ros/humble/share/rmw_implementation_cmake/cmake)
[0.230s] -- Found rmw_cyclonedds_cpp: 1.3.4 (/opt/ros/humble/share/rmw_cyclonedds_cpp/cmake)
[0.240s] -- Using RMW implementation 'rmw_cyclonedds_cpp' as default
[0.270s] -- Found rclcpp_components: 16.0.18 (/opt/ros/humble/share/rclcpp_components/cmake)
[0.282s] -- Found rosbag2_cpp: 0.15.16 (/opt/ros/humble/share/rosbag2_cpp/cmake)
[0.295s] -- Found rosidl_default_generators: 1.2.0 (/opt/ros/humble/share/rosidl_default_generators/cmake)
[0.299s] -- Found zstd_vendor: 0.15.16 (/opt/ros/humble/share/zstd_vendor/cmake)
[0.497s] -- Found ament_cmake_ros: 0.10.0 (/opt/ros/humble/share/ament_cmake_ros/cmake)
[0.808s] -- Using all available rosidl_typesupport_c: rosidl_typesupport_fastrtps_c;rosidl_typesupport_introspection_c
[0.972s] -- Using all available rosidl_typesupport_cpp: rosidl_typesupport_fastrtps_cpp;rosidl_typesupport_introspection_cpp
[0.999s] -- Found python_cmake_module: 0.10.0 (/opt/ros/humble/share/python_cmake_module/cmake)
[1.047s] -- Using PYTHON_EXECUTABLE: /usr/bin/python3
[1.047s] -- Using PYTHON_INCLUDE_DIRS: /usr/include/python3.10
[1.047s] -- Using PYTHON_LIBRARIES: /usr/lib/x86_64-linux-gnu/libpython3.10.so
[1.072s] -- Configuring done
[1.095s] -- Generating done
[1.104s] -- Build files have been written to: /home/makotokurihara/projects/domain_bridge/build/domain_bridge
[1.143s] Consolidate compiler generated dependencies of target domain_bridge__rosidl_generator_c
[1.155s] [  2%] Built target domain_bridge__cpp
[1.163s] [  9%] Built target domain_bridge__rosidl_generator_c
[1.170s] [  9%] Built target ament_cmake_python_copy_domain_bridge
[1.187s] Consolidate compiler generated dependencies of target domain_bridge__rosidl_typesupport_introspection_cpp
[1.188s] Consolidate compiler generated dependencies of target domain_bridge__rosidl_typesupport_fastrtps_cpp
[1.188s] Consolidate compiler generated dependencies of target domain_bridge__rosidl_typesupport_fastrtps_c
[1.193s] Consolidate compiler generated dependencies of target domain_bridge__rosidl_typesupport_cpp
[1.195s] Consolidate compiler generated dependencies of target domain_bridge__rosidl_typesupport_c
[1.196s] Consolidate compiler generated dependencies of target domain_bridge__rosidl_typesupport_introspection_c
[1.215s] [ 16%] Built target domain_bridge__rosidl_typesupport_fastrtps_cpp
[1.221s] [ 23%] Built target domain_bridge__rosidl_typesupport_introspection_cpp
[1.223s] [ 30%] Built target domain_bridge__rosidl_typesupport_cpp
[1.224s] [ 37%] Built target domain_bridge__rosidl_typesupport_fastrtps_c
[1.225s] [ 44%] Built target domain_bridge__rosidl_typesupport_c
[1.226s] [ 51%] Built target domain_bridge__rosidl_typesupport_introspection_c
[1.258s] Consolidate compiler generated dependencies of target domain_bridge_lib
[1.261s] [ 51%] Built target domain_bridge
[1.297s] [ 53%] Building CXX object CMakeFiles/domain_bridge_lib.dir/src/domain_bridge/component_manager.cpp.o
[1.303s] [ 55%] Building CXX object CMakeFiles/domain_bridge_lib.dir/src/domain_bridge/domain_bridge.cpp.o
[1.304s] [ 58%] Building CXX object CMakeFiles/domain_bridge_lib.dir/src/domain_bridge/qos_options.cpp.o
[1.312s] [ 60%] Building CXX object CMakeFiles/domain_bridge_lib.dir/src/domain_bridge/parse_domain_bridge_yaml_config.cpp.o
[1.313s] [ 65%] Building CXX object CMakeFiles/domain_bridge_lib.dir/src/domain_bridge/domain_bridge_options.cpp.o
[1.313s] [ 65%] Building CXX object CMakeFiles/domain_bridge_lib.dir/src/domain_bridge/compress_messages.cpp.o
[1.316s] [ 69%] Building CXX object CMakeFiles/domain_bridge_lib.dir/src/domain_bridge/service_typesupport_helpers.cpp.o
[1.316s] [ 69%] Building CXX object CMakeFiles/domain_bridge_lib.dir/src/domain_bridge/topic_bridge_options.cpp.o
[1.329s] [ 72%] Building CXX object CMakeFiles/domain_bridge_lib.dir/src/domain_bridge/service_bridge_options.cpp.o
[1.348s] [ 74%] Built target domain_bridge__py
[1.386s] Consolidate compiler generated dependencies of target domain_bridge__rosidl_generator_py
[1.428s] [ 79%] Built target domain_bridge__rosidl_generator_py
[1.471s] Consolidate compiler generated dependencies of target domain_bridge__rosidl_typesupport_fastrtps_c__pyext
[1.477s] Consolidate compiler generated dependencies of target domain_bridge__rosidl_typesupport_introspection_c__pyext
[1.481s] Consolidate compiler generated dependencies of target domain_bridge__rosidl_typesupport_c__pyext
[1.492s] running egg_info
[1.493s] writing domain_bridge.egg-info/PKG-INFO
[1.493s] writing dependency_links to domain_bridge.egg-info/dependency_links.txt
[1.494s] writing top-level names to domain_bridge.egg-info/top_level.txt
[1.498s] reading manifest file 'domain_bridge.egg-info/SOURCES.txt'
[1.498s] writing manifest file 'domain_bridge.egg-info/SOURCES.txt'
[1.515s] [ 83%] Built target domain_bridge__rosidl_typesupport_fastrtps_c__pyext
[1.518s] [ 88%] Built target domain_bridge__rosidl_typesupport_introspection_c__pyext
[1.519s] [ 93%] Built target domain_bridge__rosidl_typesupport_c__pyext
[1.548s] [ 93%] Built target ament_cmake_python_build_domain_bridge_egg
[1.783s] [ 95%] Linking CXX shared library libdomain_bridge.so
[2.176s] [ 95%] Built target domain_bridge_lib
[2.197s] Consolidate compiler generated dependencies of target domain_bridge_exec
[2.219s] [ 97%] Linking CXX executable domain_bridge
[2.414s] [100%] Built target domain_bridge_exec
[2.427s] Invoked command in '/home/makotokurihara/projects/domain_bridge/build/domain_bridge' returned '0': CMAKE_PREFIX_PATH=/opt/ros/humble /usr/bin/cmake --build /home/makotokurihara/projects/domain_bridge/build/domain_bridge -- -j14 -l14
[2.450s] Invoking command in '/home/makotokurihara/projects/domain_bridge/build/domain_bridge': CMAKE_PREFIX_PATH=/opt/ros/humble /usr/bin/cmake --install /home/makotokurihara/projects/domain_bridge/build/domain_bridge
[2.467s] -- Install configuration: ""
[2.468s] -- Up-to-date: /home/makotokurihara/projects/domain_bridge/install/domain_bridge/share/ament_index/resource_index/rosidl_interfaces/domain_bridge
[2.469s] -- Up-to-date: /home/makotokurihara/projects/domain_bridge/install/domain_bridge/include/domain_bridge/domain_bridge
[2.469s] -- Up-to-date: /home/makotokurihara/projects/domain_bridge/install/domain_bridge/include/domain_bridge/domain_bridge/msg
[2.469s] -- Up-to-date: /home/makotokurihara/projects/domain_bridge/install/domain_bridge/include/domain_bridge/domain_bridge/msg/compressed_msg.h
[2.470s] -- Up-to-date: /home/makotokurihara/projects/domain_bridge/install/domain_bridge/include/domain_bridge/domain_bridge/msg/detail
[2.470s] -- Up-to-date: /home/makotokurihara/projects/domain_bridge/install/domain_bridge/include/domain_bridge/domain_bridge/msg/detail/compressed_msg__type_support.h
[2.470s] -- Up-to-date: /home/makotokurihara/projects/domain_bridge/install/domain_bridge/include/domain_bridge/domain_bridge/msg/detail/compressed_msg__struct.h
[2.470s] -- Up-to-date: /home/makotokurihara/projects/domain_bridge/install/domain_bridge/include/domain_bridge/domain_bridge/msg/detail/compressed_msg__functions.h
[2.471s] -- Up-to-date: /home/makotokurihara/projects/domain_bridge/install/domain_bridge/include/domain_bridge/domain_bridge/msg/detail/compressed_msg__functions.c
[2.472s] -- Up-to-date: /home/makotokurihara/projects/domain_bridge/install/domain_bridge/include/domain_bridge/domain_bridge/msg/rosidl_generator_c__visibility_control.h
[2.472s] -- Up-to-date: /home/makotokurihara/projects/domain_bridge/install/domain_bridge/share/domain_bridge/environment/library_path.sh
[2.472s] -- Installing: /home/makotokurihara/projects/domain_bridge/install/domain_bridge/share/domain_bridge/environment/library_path.dsv
[2.472s] -- Up-to-date: /home/makotokurihara/projects/domain_bridge/install/domain_bridge/lib/libdomain_bridge__rosidl_generator_c.so
[2.472s] -- Up-to-date: /home/makotokurihara/projects/domain_bridge/install/domain_bridge/include/domain_bridge/domain_bridge
[2.472s] -- Up-to-date: /home/makotokurihara/projects/domain_bridge/install/domain_bridge/include/domain_bridge/domain_bridge/msg
[2.473s] -- Up-to-date: /home/makotokurihara/projects/domain_bridge/install/domain_bridge/include/domain_bridge/domain_bridge/msg/rosidl_typesupport_fastrtps_c__visibility_control.h
[2.473s] -- Up-to-date: /home/makotokurihara/projects/domain_bridge/install/domain_bridge/include/domain_bridge/domain_bridge/msg/detail
[2.473s] -- Up-to-date: /home/makotokurihara/projects/domain_bridge/install/domain_bridge/include/domain_bridge/domain_bridge/msg/detail/compressed_msg__rosidl_typesupport_fastrtps_c.h
[2.473s] -- Up-to-date: /home/makotokurihara/projects/domain_bridge/install/domain_bridge/lib/libdomain_bridge__rosidl_typesupport_fastrtps_c.so
[2.473s] -- Up-to-date: /home/makotokurihara/projects/domain_bridge/install/domain_bridge/include/domain_bridge/domain_bridge
[2.473s] -- Up-to-date: /home/makotokurihara/projects/domain_bridge/install/domain_bridge/include/domain_bridge/domain_bridge/msg
[2.473s] -- Up-to-date: /home/makotokurihara/projects/domain_bridge/install/domain_bridge/include/domain_bridge/domain_bridge/msg/compressed_msg.hpp
[2.473s] -- Up-to-date: /home/makotokurihara/projects/domain_bridge/install/domain_bridge/include/domain_bridge/domain_bridge/msg/rosidl_generator_cpp__visibility_control.hpp
[2.474s] -- Up-to-date: /home/makotokurihara/projects/domain_bridge/install/domain_bridge/include/domain_bridge/domain_bridge/msg/detail
[2.474s] -- Up-to-date: /home/makotokurihara/projects/domain_bridge/install/domain_bridge/include/domain_bridge/domain_bridge/msg/detail/compressed_msg__traits.hpp
[2.474s] -- Up-to-date: /home/makotokurihara/projects/domain_bridge/install/domain_bridge/include/domain_bridge/domain_bridge/msg/detail/compressed_msg__struct.hpp
[2.474s] -- Up-to-date: /home/makotokurihara/projects/domain_bridge/install/domain_bridge/include/domain_bridge/domain_bridge/msg/detail/compressed_msg__type_support.hpp
[2.474s] -- Up-to-date: /home/makotokurihara/projects/domain_bridge/install/domain_bridge/include/domain_bridge/domain_bridge/msg/detail/compressed_msg__builder.hpp
[2.474s] -- Up-to-date: /home/makotokurihara/projects/domain_bridge/install/domain_bridge/include/domain_bridge/domain_bridge
[2.474s] -- Up-to-date: /home/makotokurihara/projects/domain_bridge/install/domain_bridge/include/domain_bridge/domain_bridge/msg
[2.475s] -- Up-to-date: /home/makotokurihara/projects/domain_bridge/install/domain_bridge/include/domain_bridge/domain_bridge/msg/detail
[2.475s] -- Up-to-date: /home/makotokurihara/projects/domain_bridge/install/domain_bridge/include/domain_bridge/domain_bridge/msg/detail/compressed_msg__rosidl_typesupport_fastrtps_cpp.hpp
[2.475s] -- Up-to-date: /home/makotokurihara/projects/domain_bridge/install/domain_bridge/include/domain_bridge/domain_bridge/msg/detail/dds_fastrtps
[2.475s] -- Up-to-date: /home/makotokurihara/projects/domain_bridge/install/domain_bridge/include/domain_bridge/domain_bridge/msg/rosidl_typesupport_fastrtps_cpp__visibility_control.h
[2.475s] -- Up-to-date: /home/makotokurihara/projects/domain_bridge/install/domain_bridge/lib/libdomain_bridge__rosidl_typesupport_fastrtps_cpp.so
[2.475s] -- Up-to-date: /home/makotokurihara/projects/domain_bridge/install/domain_bridge/include/domain_bridge/domain_bridge
[2.475s] -- Up-to-date: /home/makotokurihara/projects/domain_bridge/install/domain_bridge/include/domain_bridge/domain_bridge/msg
[2.475s] -- Up-to-date: /home/makotokurihara/projects/domain_bridge/install/domain_bridge/include/domain_bridge/domain_bridge/msg/rosidl_typesupport_introspection_c__visibility_control.h
[2.476s] -- Up-to-date: /home/makotokurihara/projects/domain_bridge/install/domain_bridge/include/domain_bridge/domain_bridge/msg/detail
[2.476s] -- Up-to-date: /home/makotokurihara/projects/domain_bridge/install/domain_bridge/include/domain_bridge/domain_bridge/msg/detail/compressed_msg__rosidl_typesupport_introspection_c.h
[2.476s] -- Up-to-date: /home/makotokurihara/projects/domain_bridge/install/domain_bridge/include/domain_bridge/domain_bridge/msg/detail/compressed_msg__type_support.c
[2.476s] -- Up-to-date: /home/makotokurihara/projects/domain_bridge/install/domain_bridge/lib/libdomain_bridge__rosidl_typesupport_introspection_c.so
[2.476s] -- Up-to-date: /home/makotokurihara/projects/domain_bridge/install/domain_bridge/lib/libdomain_bridge__rosidl_typesupport_c.so
[2.476s] -- Up-to-date: /home/makotokurihara/projects/domain_bridge/install/domain_bridge/include/domain_bridge/domain_bridge
[2.476s] -- Up-to-date: /home/makotokurihara/projects/domain_bridge/install/domain_bridge/include/domain_bridge/domain_bridge/msg
[2.476s] -- Up-to-date: /home/makotokurihara/projects/domain_bridge/install/domain_bridge/include/domain_bridge/domain_bridge/msg/detail
[2.476s] -- Up-to-date: /home/makotokurihara/projects/domain_bridge/install/domain_bridge/include/domain_bridge/domain_bridge/msg/detail/compressed_msg__type_support.cpp
[2.476s] -- Up-to-date: /home/makotokurihara/projects/domain_bridge/install/domain_bridge/include/domain_bridge/domain_bridge/msg/detail/compressed_msg__rosidl_typesupport_introspection_cpp.hpp
[2.477s] -- Up-to-date: /home/makotokurihara/projects/domain_bridge/install/domain_bridge/lib/libdomain_bridge__rosidl_typesupport_introspection_cpp.so
[2.477s] -- Up-to-date: /home/makotokurihara/projects/domain_bridge/install/domain_bridge/lib/libdomain_bridge__rosidl_typesupport_cpp.so
[2.477s] -- Up-to-date: /home/makotokurihara/projects/domain_bridge/install/domain_bridge/share/domain_bridge/environment/pythonpath.sh
[2.477s] -- Installing: /home/makotokurihara/projects/domain_bridge/install/domain_bridge/share/domain_bridge/environment/pythonpath.dsv
[2.477s] -- Up-to-date: /home/makotokurihara/projects/domain_bridge/install/domain_bridge/local/lib/python3.10/dist-packages/domain_bridge-0.5.0-py3.10.egg-info
[2.477s] -- Installing: /home/makotokurihara/projects/domain_bridge/install/domain_bridge/local/lib/python3.10/dist-packages/domain_bridge-0.5.0-py3.10.egg-info/dependency_links.txt
[2.477s] -- Installing: /home/makotokurihara/projects/domain_bridge/install/domain_bridge/local/lib/python3.10/dist-packages/domain_bridge-0.5.0-py3.10.egg-info/PKG-INFO
[2.477s] -- Installing: /home/makotokurihara/projects/domain_bridge/install/domain_bridge/local/lib/python3.10/dist-packages/domain_bridge-0.5.0-py3.10.egg-info/top_level.txt
[2.477s] -- Installing: /home/makotokurihara/projects/domain_bridge/install/domain_bridge/local/lib/python3.10/dist-packages/domain_bridge-0.5.0-py3.10.egg-info/SOURCES.txt
[2.477s] -- Up-to-date: /home/makotokurihara/projects/domain_bridge/install/domain_bridge/local/lib/python3.10/dist-packages/domain_bridge
[2.477s] -- Up-to-date: /home/makotokurihara/projects/domain_bridge/install/domain_bridge/local/lib/python3.10/dist-packages/domain_bridge/domain_bridge_s__rosidl_typesupport_fastrtps_c.cpython-310-x86_64-linux-gnu.so
[2.478s] -- Up-to-date: /home/makotokurihara/projects/domain_bridge/install/domain_bridge/local/lib/python3.10/dist-packages/domain_bridge/domain_bridge_s__rosidl_typesupport_c.cpython-310-x86_64-linux-gnu.so
[2.478s] -- Up-to-date: /home/makotokurihara/projects/domain_bridge/install/domain_bridge/local/lib/python3.10/dist-packages/domain_bridge/_domain_bridge_s.ep.rosidl_typesupport_introspection_c.c
[2.478s] -- Up-to-date: /home/makotokurihara/projects/domain_bridge/install/domain_bridge/local/lib/python3.10/dist-packages/domain_bridge/libdomain_bridge__rosidl_generator_py.so
[2.478s] -- Installing: /home/makotokurihara/projects/domain_bridge/install/domain_bridge/local/lib/python3.10/dist-packages/domain_bridge/__init__.py
[2.478s] -- Up-to-date: /home/makotokurihara/projects/domain_bridge/install/domain_bridge/local/lib/python3.10/dist-packages/domain_bridge/domain_bridge_s__rosidl_typesupport_introspection_c.cpython-310-x86_64-linux-gnu.so
[2.478s] -- Up-to-date: /home/makotokurihara/projects/domain_bridge/install/domain_bridge/local/lib/python3.10/dist-packages/domain_bridge/_domain_bridge_s.ep.rosidl_typesupport_c.c
[2.478s] -- Up-to-date: /home/makotokurihara/projects/domain_bridge/install/domain_bridge/local/lib/python3.10/dist-packages/domain_bridge/_domain_bridge_s.ep.rosidl_typesupport_fastrtps_c.c
[2.478s] -- Up-to-date: /home/makotokurihara/projects/domain_bridge/install/domain_bridge/local/lib/python3.10/dist-packages/domain_bridge/msg
[2.478s] -- Up-to-date: /home/makotokurihara/projects/domain_bridge/install/domain_bridge/local/lib/python3.10/dist-packages/domain_bridge/msg/_compressed_msg_s.c
[2.478s] -- Up-to-date: /home/makotokurihara/projects/domain_bridge/install/domain_bridge/local/lib/python3.10/dist-packages/domain_bridge/msg/__init__.py
[2.478s] -- Up-to-date: /home/makotokurihara/projects/domain_bridge/install/domain_bridge/local/lib/python3.10/dist-packages/domain_bridge/msg/_compressed_msg.py
[2.500s] Listing '/home/makotokurihara/projects/domain_bridge/install/domain_bridge/local/lib/python3.10/dist-packages/domain_bridge'...
[2.501s] Compiling '/home/makotokurihara/projects/domain_bridge/install/domain_bridge/local/lib/python3.10/dist-packages/domain_bridge/__init__.py'...
[2.501s] Listing '/home/makotokurihara/projects/domain_bridge/install/domain_bridge/local/lib/python3.10/dist-packages/domain_bridge/msg'...
[2.503s] -- Up-to-date: /home/makotokurihara/projects/domain_bridge/install/domain_bridge/local/lib/python3.10/dist-packages/domain_bridge/domain_bridge_s__rosidl_typesupport_fastrtps_c.cpython-310-x86_64-linux-gnu.so
[2.504s] -- Up-to-date: /home/makotokurihara/projects/domain_bridge/install/domain_bridge/local/lib/python3.10/dist-packages/domain_bridge/domain_bridge_s__rosidl_typesupport_introspection_c.cpython-310-x86_64-linux-gnu.so
[2.504s] -- Up-to-date: /home/makotokurihara/projects/domain_bridge/install/domain_bridge/local/lib/python3.10/dist-packages/domain_bridge/domain_bridge_s__rosidl_typesupport_c.cpython-310-x86_64-linux-gnu.so
[2.504s] -- Up-to-date: /home/makotokurihara/projects/domain_bridge/install/domain_bridge/lib/libdomain_bridge__rosidl_generator_py.so
[2.504s] -- Up-to-date: /home/makotokurihara/projects/domain_bridge/install/domain_bridge/share/domain_bridge/msg/CompressedMsg.idl
[2.504s] -- Up-to-date: /home/makotokurihara/projects/domain_bridge/install/domain_bridge/share/domain_bridge/msg/CompressedMsg.msg
[2.505s] -- Up-to-date: /home/makotokurihara/projects/domain_bridge/install/domain_bridge/include
[2.505s] -- Up-to-date: /home/makotokurihara/projects/domain_bridge/install/domain_bridge/include/domain_bridge
[2.505s] -- Up-to-date: /home/makotokurihara/projects/domain_bridge/install/domain_bridge/include/domain_bridge/component_manager.hpp
[2.505s] -- Up-to-date: /home/makotokurihara/projects/domain_bridge/install/domain_bridge/include/domain_bridge/parse_domain_bridge_yaml_config.hpp
[2.505s] -- Up-to-date: /home/makotokurihara/projects/domain_bridge/install/domain_bridge/include/domain_bridge/process_cmd_line_arguments.hpp
[2.505s] -- Up-to-date: /home/makotokurihara/projects/domain_bridge/install/domain_bridge/include/domain_bridge/domain_bridge.hpp
[2.505s] -- Up-to-date: /home/makotokurihara/projects/domain_bridge/install/domain_bridge/include/domain_bridge/topic_bridge.hpp
[2.505s] -- Up-to-date: /home/makotokurihara/projects/domain_bridge/install/domain_bridge/include/domain_bridge/topic_bridge_options.hpp
[2.505s] -- Up-to-date: /home/makotokurihara/projects/domain_bridge/install/domain_bridge/include/domain_bridge/domain_bridge_config.hpp
[2.506s] -- Up-to-date: /home/makotokurihara/projects/domain_bridge/install/domain_bridge/include/domain_bridge/service_bridge_options.hpp
[2.506s] -- Up-to-date: /home/makotokurihara/projects/domain_bridge/install/domain_bridge/include/domain_bridge/service_typesupport_helpers.hpp
[2.506s] -- Up-to-date: /home/makotokurihara/projects/domain_bridge/install/domain_bridge/include/domain_bridge/service_bridge_impl.inc
[2.506s] -- Up-to-date: /home/makotokurihara/projects/domain_bridge/install/domain_bridge/include/domain_bridge/visibility_control.hpp
[2.506s] -- Up-to-date: /home/makotokurihara/projects/domain_bridge/install/domain_bridge/include/domain_bridge/compress_messages.hpp
[2.506s] -- Up-to-date: /home/makotokurihara/projects/domain_bridge/install/domain_bridge/include/domain_bridge/domain_bridge_options.hpp
[2.506s] -- Up-to-date: /home/makotokurihara/projects/domain_bridge/install/domain_bridge/include/domain_bridge/qos_options.hpp
[2.506s] -- Installing: /home/makotokurihara/projects/domain_bridge/install/domain_bridge/lib/domain_bridge/domain_bridge
[2.506s] -- Set runtime path of "/home/makotokurihara/projects/domain_bridge/install/domain_bridge/lib/domain_bridge/domain_bridge" to ""
[2.507s] -- Installing: /home/makotokurihara/projects/domain_bridge/install/domain_bridge/lib/libdomain_bridge.so
[2.512s] -- Set runtime path of "/home/makotokurihara/projects/domain_bridge/install/domain_bridge/lib/libdomain_bridge.so" to ""
[2.512s] -- Up-to-date: /home/makotokurihara/projects/domain_bridge/install/domain_bridge/share/domain_bridge/examples
[2.513s] -- Up-to-date: /home/makotokurihara/projects/domain_bridge/install/domain_bridge/share/domain_bridge/examples/example_bridge_config.yaml
[2.513s] -- Up-to-date: /home/makotokurihara/projects/domain_bridge/install/domain_bridge/share/domain_bridge/launch
[2.513s] -- Up-to-date: /home/makotokurihara/projects/domain_bridge/install/domain_bridge/share/domain_bridge/launch/domain_bridge.launch.xml
[2.513s] -- Installing: /home/makotokurihara/projects/domain_bridge/install/domain_bridge/share/ament_index/resource_index/package_run_dependencies/domain_bridge
[2.513s] -- Up-to-date: /home/makotokurihara/projects/domain_bridge/install/domain_bridge/share/ament_index/resource_index/parent_prefix_path/domain_bridge
[2.513s] -- Up-to-date: /home/makotokurihara/projects/domain_bridge/install/domain_bridge/share/domain_bridge/environment/ament_prefix_path.sh
[2.513s] -- Installing: /home/makotokurihara/projects/domain_bridge/install/domain_bridge/share/domain_bridge/environment/ament_prefix_path.dsv
[2.513s] -- Up-to-date: /home/makotokurihara/projects/domain_bridge/install/domain_bridge/share/domain_bridge/environment/path.sh
[2.513s] -- Installing: /home/makotokurihara/projects/domain_bridge/install/domain_bridge/share/domain_bridge/environment/path.dsv
[2.514s] -- Up-to-date: /home/makotokurihara/projects/domain_bridge/install/domain_bridge/share/domain_bridge/local_setup.bash
[2.514s] -- Up-to-date: /home/makotokurihara/projects/domain_bridge/install/domain_bridge/share/domain_bridge/local_setup.sh
[2.514s] -- Up-to-date: /home/makotokurihara/projects/domain_bridge/install/domain_bridge/share/domain_bridge/local_setup.zsh
[2.514s] -- Installing: /home/makotokurihara/projects/domain_bridge/install/domain_bridge/share/domain_bridge/local_setup.dsv
[2.514s] -- Installing: /home/makotokurihara/projects/domain_bridge/install/domain_bridge/share/domain_bridge/package.dsv
[2.515s] -- Up-to-date: /home/makotokurihara/projects/domain_bridge/install/domain_bridge/share/ament_index/resource_index/packages/domain_bridge
[2.515s] -- Up-to-date: /home/makotokurihara/projects/domain_bridge/install/domain_bridge/share/domain_bridge/cmake/export_domain_bridge__rosidl_generator_cExport.cmake
[2.515s] -- Up-to-date: /home/makotokurihara/projects/domain_bridge/install/domain_bridge/share/domain_bridge/cmake/export_domain_bridge__rosidl_generator_cExport-noconfig.cmake
[2.515s] -- Up-to-date: /home/makotokurihara/projects/domain_bridge/install/domain_bridge/share/domain_bridge/cmake/export_domain_bridge__rosidl_typesupport_fastrtps_cExport.cmake
[2.515s] -- Up-to-date: /home/makotokurihara/projects/domain_bridge/install/domain_bridge/share/domain_bridge/cmake/export_domain_bridge__rosidl_typesupport_fastrtps_cExport-noconfig.cmake
[2.515s] -- Up-to-date: /home/makotokurihara/projects/domain_bridge/install/domain_bridge/share/domain_bridge/cmake/export_domain_bridge__rosidl_generator_cppExport.cmake
[2.515s] -- Up-to-date: /home/makotokurihara/projects/domain_bridge/install/domain_bridge/share/domain_bridge/cmake/export_domain_bridge__rosidl_typesupport_fastrtps_cppExport.cmake
[2.515s] -- Up-to-date: /home/makotokurihara/projects/domain_bridge/install/domain_bridge/share/domain_bridge/cmake/export_domain_bridge__rosidl_typesupport_fastrtps_cppExport-noconfig.cmake
[2.516s] -- Up-to-date: /home/makotokurihara/projects/domain_bridge/install/domain_bridge/share/domain_bridge/cmake/domain_bridge__rosidl_typesupport_introspection_cExport.cmake
[2.516s] -- Up-to-date: /home/makotokurihara/projects/domain_bridge/install/domain_bridge/share/domain_bridge/cmake/domain_bridge__rosidl_typesupport_introspection_cExport-noconfig.cmake
[2.516s] -- Up-to-date: /home/makotokurihara/projects/domain_bridge/install/domain_bridge/share/domain_bridge/cmake/domain_bridge__rosidl_typesupport_cExport.cmake
[2.516s] -- Up-to-date: /home/makotokurihara/projects/domain_bridge/install/domain_bridge/share/domain_bridge/cmake/domain_bridge__rosidl_typesupport_cExport-noconfig.cmake
[2.516s] -- Up-to-date: /home/makotokurihara/projects/domain_bridge/install/domain_bridge/share/domain_bridge/cmake/domain_bridge__rosidl_typesupport_introspection_cppExport.cmake
[2.516s] -- Up-to-date: /home/makotokurihara/projects/domain_bridge/install/domain_bridge/share/domain_bridge/cmake/domain_bridge__rosidl_typesupport_introspection_cppExport-noconfig.cmake
[2.516s] -- Up-to-date: /home/makotokurihara/projects/domain_bridge/install/domain_bridge/share/domain_bridge/cmake/domain_bridge__rosidl_typesupport_cppExport.cmake
[2.516s] -- Up-to-date: /home/makotokurihara/projects/domain_bridge/install/domain_bridge/share/domain_bridge/cmake/domain_bridge__rosidl_typesupport_cppExport-noconfig.cmake
[2.517s] -- Up-to-date: /home/makotokurihara/projects/domain_bridge/install/domain_bridge/share/domain_bridge/cmake/export_domain_bridge__rosidl_generator_pyExport.cmake
[2.517s] -- Up-to-date: /home/makotokurihara/projects/domain_bridge/install/domain_bridge/share/domain_bridge/cmake/export_domain_bridge__rosidl_generator_pyExport-noconfig.cmake
[2.517s] -- Old export file "/home/makotokurihara/projects/domain_bridge/install/domain_bridge/share/domain_bridge/cmake/export_domain_bridgeExport.cmake" will be replaced.  Removing files [/home/makotokurihara/projects/domain_bridge/install/domain_bridge/share/domain_bridge/cmake/export_domain_bridgeExport-noconfig.cmake].
[2.517s] -- Installing: /home/makotokurihara/projects/domain_bridge/install/domain_bridge/share/domain_bridge/cmake/export_domain_bridgeExport.cmake
[2.517s] -- Installing: /home/makotokurihara/projects/domain_bridge/install/domain_bridge/share/domain_bridge/cmake/export_domain_bridgeExport-noconfig.cmake
[2.517s] -- Up-to-date: /home/makotokurihara/projects/domain_bridge/install/domain_bridge/share/domain_bridge/cmake/rosidl_cmake-extras.cmake
[2.517s] -- Up-to-date: /home/makotokurihara/projects/domain_bridge/install/domain_bridge/share/domain_bridge/cmake/ament_cmake_export_include_directories-extras.cmake
[2.517s] -- Up-to-date: /home/makotokurihara/projects/domain_bridge/install/domain_bridge/share/domain_bridge/cmake/ament_cmake_export_libraries-extras.cmake
[2.517s] -- Up-to-date: /home/makotokurihara/projects/domain_bridge/install/domain_bridge/share/domain_bridge/cmake/ament_cmake_export_targets-extras.cmake
[2.517s] -- Up-to-date: /home/makotokurihara/projects/domain_bridge/install/domain_bridge/share/domain_bridge/cmake/rosidl_cmake_export_typesupport_targets-extras.cmake
[2.517s] -- Installing: /home/makotokurihara/projects/domain_bridge/install/domain_bridge/share/domain_bridge/cmake/ament_cmake_export_dependencies-extras.cmake
[2.517s] -- Up-to-date: /home/makotokurihara/projects/domain_bridge/install/domain_bridge/share/domain_bridge/cmake/rosidl_cmake_export_typesupport_libraries-extras.cmake
[2.517s] -- Up-to-date: /home/makotokurihara/projects/domain_bridge/install/domain_bridge/share/domain_bridge/cmake/domain_bridgeConfig.cmake
[2.517s] -- Up-to-date: /home/makotokurihara/projects/domain_bridge/install/domain_bridge/share/domain_bridge/cmake/domain_bridgeConfig-version.cmake
[2.517s] -- Installing: /home/makotokurihara/projects/domain_bridge/install/domain_bridge/share/domain_bridge/package.xml
[2.520s] Invoked command in '/home/makotokurihara/projects/domain_bridge/build/domain_bridge' returned '0': CMAKE_PREFIX_PATH=/opt/ros/humble /usr/bin/cmake --install /home/makotokurihara/projects/domain_bridge/build/domain_bridge
