-- Found ament_cmake: 1.3.13 (/opt/ros/humble/share/ament_cmake/cmake)
-- Found rclcpp: 16.0.18 (/opt/ros/humble/share/rclcpp/cmake)
-- Found rosidl_generator_c: 3.1.8 (/opt/ros/humble/share/rosidl_generator_c/cmake)
-- Found rosidl_adapter: 3.1.8 (/opt/ros/humble/share/rosidl_adapter/cmake)
-- Found rosidl_generator_cpp: 3.1.8 (/opt/ros/humble/share/rosidl_generator_cpp/cmake)
-- Using all available rosidl_typesupport_c: rosidl_typesupport_fastrtps_c;rosidl_typesupport_introspection_c
-- Using all available rosidl_typesupport_cpp: rosidl_typesupport_fastrtps_cpp;rosidl_typesupport_introspection_cpp
-- Found rmw_implementation_cmake: 6.1.2 (/opt/ros/humble/share/rmw_implementation_cmake/cmake)
-- Found rmw_cyclonedds_cpp: 1.3.4 (/opt/ros/humble/share/rmw_cyclonedds_cpp/cmake)
-- Using RMW implementation 'rmw_cyclonedds_cpp' as default
-- Found rclcpp_components: 16.0.18 (/opt/ros/humble/share/rclcpp_components/cmake)
-- Found rosbag2_cpp: 0.15.16 (/opt/ros/humble/share/rosbag2_cpp/cmake)
-- Found rosidl_default_generators: 1.2.0 (/opt/ros/humble/share/rosidl_default_generators/cmake)
-- Found zstd_vendor: 0.15.16 (/opt/ros/humble/share/zstd_vendor/cmake)
-- Found ament_cmake_ros: 0.10.0 (/opt/ros/humble/share/ament_cmake_ros/cmake)
-- Using all available rosidl_typesupport_c: rosidl_typesupport_fastrtps_c;rosidl_typesupport_introspection_c
-- Using all available rosidl_typesupport_cpp: rosidl_typesupport_fastrtps_cpp;rosidl_typesupport_introspection_cpp
-- Found python_cmake_module: 0.10.0 (/opt/ros/humble/share/python_cmake_module/cmake)
-- Using PYTHON_EXECUTABLE: /usr/bin/python3
-- Using PYTHON_INCLUDE_DIRS: /usr/include/python3.10
-- Using PYTHON_LIBRARIES: /usr/lib/x86_64-linux-gnu/libpython3.10.so
-- Configuring done
-- Generating done
-- Build files have been written to: /home/makotokurihara/projects/domain_bridge/build/domain_bridge
Consolidate compiler generated dependencies of target domain_bridge__rosidl_generator_c
[  2%] Built target domain_bridge__cpp
[  9%] Built target domain_bridge__rosidl_generator_c
[  9%] Built target ament_cmake_python_copy_domain_bridge
Consolidate compiler generated dependencies of target domain_bridge__rosidl_typesupport_cpp
Consolidate compiler generated dependencies of target domain_bridge__rosidl_typesupport_fastrtps_c
Consolidate compiler generated dependencies of target domain_bridge__rosidl_typesupport_introspection_cpp
Consolidate compiler generated dependencies of target domain_bridge__rosidl_typesupport_c
Consolidate compiler generated dependencies of target domain_bridge__rosidl_typesupport_fastrtps_cpp
Consolidate compiler generated dependencies of target domain_bridge__rosidl_typesupport_introspection_c
[ 18%] Built target domain_bridge__rosidl_typesupport_fastrtps_c
[ 23%] Built target domain_bridge__rosidl_typesupport_cpp
[ 30%] Built target domain_bridge__rosidl_typesupport_fastrtps_cpp
[ 37%] Built target domain_bridge__rosidl_typesupport_introspection_cpp
[ 44%] Built target domain_bridge__rosidl_typesupport_c
[ 51%] Built target domain_bridge__rosidl_typesupport_introspection_c
[ 51%] Built target domain_bridge
Consolidate compiler generated dependencies of target domain_bridge_lib
[ 74%] Built target domain_bridge_lib
[ 76%] Built target domain_bridge__py
Consolidate compiler generated dependencies of target domain_bridge__rosidl_generator_py
Consolidate compiler generated dependencies of target domain_bridge_exec
[ 81%] Built target domain_bridge__rosidl_generator_py
[ 86%] Built target domain_bridge_exec
Consolidate compiler generated dependencies of target domain_bridge__rosidl_typesupport_introspection_c__pyext
Consolidate compiler generated dependencies of target domain_bridge__rosidl_typesupport_c__pyext
Consolidate compiler generated dependencies of target domain_bridge__rosidl_typesupport_fastrtps_c__pyext
[ 93%] Built target domain_bridge__rosidl_typesupport_introspection_c__pyext
[ 95%] Built target domain_bridge__rosidl_typesupport_c__pyext
[100%] Built target domain_bridge__rosidl_typesupport_fastrtps_c__pyext
running egg_info
writing domain_bridge.egg-info/PKG-INFO
writing dependency_links to domain_bridge.egg-info/dependency_links.txt
writing top-level names to domain_bridge.egg-info/top_level.txt
reading manifest file 'domain_bridge.egg-info/SOURCES.txt'
writing manifest file 'domain_bridge.egg-info/SOURCES.txt'
[100%] Built target ament_cmake_python_build_domain_bridge_egg
-- Install configuration: ""
-- Installing: /home/makotokurihara/projects/domain_bridge/install/domain_bridge/share/ament_index/resource_index/rosidl_interfaces/domain_bridge
-- Installing: /home/makotokurihara/projects/domain_bridge/install/domain_bridge/include/domain_bridge/domain_bridge
-- Installing: /home/makotokurihara/projects/domain_bridge/install/domain_bridge/include/domain_bridge/domain_bridge/msg
-- Installing: /home/makotokurihara/projects/domain_bridge/install/domain_bridge/include/domain_bridge/domain_bridge/msg/compressed_msg.h
-- Installing: /home/makotokurihara/projects/domain_bridge/install/domain_bridge/include/domain_bridge/domain_bridge/msg/detail
-- Installing: /home/makotokurihara/projects/domain_bridge/install/domain_bridge/include/domain_bridge/domain_bridge/msg/detail/compressed_msg__type_support.h
-- Installing: /home/makotokurihara/projects/domain_bridge/install/domain_bridge/include/domain_bridge/domain_bridge/msg/detail/compressed_msg__struct.h
-- Installing: /home/makotokurihara/projects/domain_bridge/install/domain_bridge/include/domain_bridge/domain_bridge/msg/detail/compressed_msg__functions.h
-- Installing: /home/makotokurihara/projects/domain_bridge/install/domain_bridge/include/domain_bridge/domain_bridge/msg/detail/compressed_msg__functions.c
-- Installing: /home/makotokurihara/projects/domain_bridge/install/domain_bridge/include/domain_bridge/domain_bridge/msg/rosidl_generator_c__visibility_control.h
-- Installing: /home/makotokurihara/projects/domain_bridge/install/domain_bridge/share/domain_bridge/environment/library_path.sh
-- Installing: /home/makotokurihara/projects/domain_bridge/install/domain_bridge/share/domain_bridge/environment/library_path.dsv
-- Installing: /home/makotokurihara/projects/domain_bridge/install/domain_bridge/lib/libdomain_bridge__rosidl_generator_c.so
-- Set runtime path of "/home/makotokurihara/projects/domain_bridge/install/domain_bridge/lib/libdomain_bridge__rosidl_generator_c.so" to ""
-- Up-to-date: /home/makotokurihara/projects/domain_bridge/install/domain_bridge/include/domain_bridge/domain_bridge
-- Up-to-date: /home/makotokurihara/projects/domain_bridge/install/domain_bridge/include/domain_bridge/domain_bridge/msg
-- Installing: /home/makotokurihara/projects/domain_bridge/install/domain_bridge/include/domain_bridge/domain_bridge/msg/rosidl_typesupport_fastrtps_c__visibility_control.h
-- Up-to-date: /home/makotokurihara/projects/domain_bridge/install/domain_bridge/include/domain_bridge/domain_bridge/msg/detail
-- Installing: /home/makotokurihara/projects/domain_bridge/install/domain_bridge/include/domain_bridge/domain_bridge/msg/detail/compressed_msg__rosidl_typesupport_fastrtps_c.h
-- Installing: /home/makotokurihara/projects/domain_bridge/install/domain_bridge/lib/libdomain_bridge__rosidl_typesupport_fastrtps_c.so
-- Set runtime path of "/home/makotokurihara/projects/domain_bridge/install/domain_bridge/lib/libdomain_bridge__rosidl_typesupport_fastrtps_c.so" to ""
-- Up-to-date: /home/makotokurihara/projects/domain_bridge/install/domain_bridge/include/domain_bridge/domain_bridge
-- Up-to-date: /home/makotokurihara/projects/domain_bridge/install/domain_bridge/include/domain_bridge/domain_bridge/msg
-- Installing: /home/makotokurihara/projects/domain_bridge/install/domain_bridge/include/domain_bridge/domain_bridge/msg/compressed_msg.hpp
-- Installing: /home/makotokurihara/projects/domain_bridge/install/domain_bridge/include/domain_bridge/domain_bridge/msg/rosidl_generator_cpp__visibility_control.hpp
-- Up-to-date: /home/makotokurihara/projects/domain_bridge/install/domain_bridge/include/domain_bridge/domain_bridge/msg/detail
-- Installing: /home/makotokurihara/projects/domain_bridge/install/domain_bridge/include/domain_bridge/domain_bridge/msg/detail/compressed_msg__traits.hpp
-- Installing: /home/makotokurihara/projects/domain_bridge/install/domain_bridge/include/domain_bridge/domain_bridge/msg/detail/compressed_msg__struct.hpp
-- Installing: /home/makotokurihara/projects/domain_bridge/install/domain_bridge/include/domain_bridge/domain_bridge/msg/detail/compressed_msg__type_support.hpp
-- Installing: /home/makotokurihara/projects/domain_bridge/install/domain_bridge/include/domain_bridge/domain_bridge/msg/detail/compressed_msg__builder.hpp
-- Up-to-date: /home/makotokurihara/projects/domain_bridge/install/domain_bridge/include/domain_bridge/domain_bridge
-- Up-to-date: /home/makotokurihara/projects/domain_bridge/install/domain_bridge/include/domain_bridge/domain_bridge/msg
-- Up-to-date: /home/makotokurihara/projects/domain_bridge/install/domain_bridge/include/domain_bridge/domain_bridge/msg/detail
-- Installing: /home/makotokurihara/projects/domain_bridge/install/domain_bridge/include/domain_bridge/domain_bridge/msg/detail/compressed_msg__rosidl_typesupport_fastrtps_cpp.hpp
-- Installing: /home/makotokurihara/projects/domain_bridge/install/domain_bridge/include/domain_bridge/domain_bridge/msg/detail/dds_fastrtps
-- Installing: /home/makotokurihara/projects/domain_bridge/install/domain_bridge/include/domain_bridge/domain_bridge/msg/rosidl_typesupport_fastrtps_cpp__visibility_control.h
-- Installing: /home/makotokurihara/projects/domain_bridge/install/domain_bridge/lib/libdomain_bridge__rosidl_typesupport_fastrtps_cpp.so
-- Set runtime path of "/home/makotokurihara/projects/domain_bridge/install/domain_bridge/lib/libdomain_bridge__rosidl_typesupport_fastrtps_cpp.so" to ""
-- Up-to-date: /home/makotokurihara/projects/domain_bridge/install/domain_bridge/include/domain_bridge/domain_bridge
-- Up-to-date: /home/makotokurihara/projects/domain_bridge/install/domain_bridge/include/domain_bridge/domain_bridge/msg
-- Installing: /home/makotokurihara/projects/domain_bridge/install/domain_bridge/include/domain_bridge/domain_bridge/msg/rosidl_typesupport_introspection_c__visibility_control.h
-- Up-to-date: /home/makotokurihara/projects/domain_bridge/install/domain_bridge/include/domain_bridge/domain_bridge/msg/detail
-- Installing: /home/makotokurihara/projects/domain_bridge/install/domain_bridge/include/domain_bridge/domain_bridge/msg/detail/compressed_msg__rosidl_typesupport_introspection_c.h
-- Installing: /home/makotokurihara/projects/domain_bridge/install/domain_bridge/include/domain_bridge/domain_bridge/msg/detail/compressed_msg__type_support.c
-- Installing: /home/makotokurihara/projects/domain_bridge/install/domain_bridge/lib/libdomain_bridge__rosidl_typesupport_introspection_c.so
-- Set runtime path of "/home/makotokurihara/projects/domain_bridge/install/domain_bridge/lib/libdomain_bridge__rosidl_typesupport_introspection_c.so" to ""
-- Installing: /home/makotokurihara/projects/domain_bridge/install/domain_bridge/lib/libdomain_bridge__rosidl_typesupport_c.so
-- Set runtime path of "/home/makotokurihara/projects/domain_bridge/install/domain_bridge/lib/libdomain_bridge__rosidl_typesupport_c.so" to ""
-- Up-to-date: /home/makotokurihara/projects/domain_bridge/install/domain_bridge/include/domain_bridge/domain_bridge
-- Up-to-date: /home/makotokurihara/projects/domain_bridge/install/domain_bridge/include/domain_bridge/domain_bridge/msg
-- Up-to-date: /home/makotokurihara/projects/domain_bridge/install/domain_bridge/include/domain_bridge/domain_bridge/msg/detail
-- Installing: /home/makotokurihara/projects/domain_bridge/install/domain_bridge/include/domain_bridge/domain_bridge/msg/detail/compressed_msg__type_support.cpp
-- Installing: /home/makotokurihara/projects/domain_bridge/install/domain_bridge/include/domain_bridge/domain_bridge/msg/detail/compressed_msg__rosidl_typesupport_introspection_cpp.hpp
-- Installing: /home/makotokurihara/projects/domain_bridge/install/domain_bridge/lib/libdomain_bridge__rosidl_typesupport_introspection_cpp.so
-- Set runtime path of "/home/makotokurihara/projects/domain_bridge/install/domain_bridge/lib/libdomain_bridge__rosidl_typesupport_introspection_cpp.so" to ""
-- Installing: /home/makotokurihara/projects/domain_bridge/install/domain_bridge/lib/libdomain_bridge__rosidl_typesupport_cpp.so
-- Set runtime path of "/home/makotokurihara/projects/domain_bridge/install/domain_bridge/lib/libdomain_bridge__rosidl_typesupport_cpp.so" to ""
-- Installing: /home/makotokurihara/projects/domain_bridge/install/domain_bridge/share/domain_bridge/environment/pythonpath.sh
-- Installing: /home/makotokurihara/projects/domain_bridge/install/domain_bridge/share/domain_bridge/environment/pythonpath.dsv
-- Installing: /home/makotokurihara/projects/domain_bridge/install/domain_bridge/local/lib/python3.10/dist-packages/domain_bridge-0.5.0-py3.10.egg-info
-- Installing: /home/makotokurihara/projects/domain_bridge/install/domain_bridge/local/lib/python3.10/dist-packages/domain_bridge-0.5.0-py3.10.egg-info/dependency_links.txt
-- Installing: /home/makotokurihara/projects/domain_bridge/install/domain_bridge/local/lib/python3.10/dist-packages/domain_bridge-0.5.0-py3.10.egg-info/PKG-INFO
-- Installing: /home/makotokurihara/projects/domain_bridge/install/domain_bridge/local/lib/python3.10/dist-packages/domain_bridge-0.5.0-py3.10.egg-info/top_level.txt
-- Installing: /home/makotokurihara/projects/domain_bridge/install/domain_bridge/local/lib/python3.10/dist-packages/domain_bridge-0.5.0-py3.10.egg-info/SOURCES.txt
-- Installing: /home/makotokurihara/projects/domain_bridge/install/domain_bridge/local/lib/python3.10/dist-packages/domain_bridge
-- Installing: /home/makotokurihara/projects/domain_bridge/install/domain_bridge/local/lib/python3.10/dist-packages/domain_bridge/domain_bridge_s__rosidl_typesupport_fastrtps_c.cpython-310-x86_64-linux-gnu.so
-- Installing: /home/makotokurihara/projects/domain_bridge/install/domain_bridge/local/lib/python3.10/dist-packages/domain_bridge/domain_bridge_s__rosidl_typesupport_c.cpython-310-x86_64-linux-gnu.so
-- Installing: /home/makotokurihara/projects/domain_bridge/install/domain_bridge/local/lib/python3.10/dist-packages/domain_bridge/_domain_bridge_s.ep.rosidl_typesupport_introspection_c.c
-- Installing: /home/makotokurihara/projects/domain_bridge/install/domain_bridge/local/lib/python3.10/dist-packages/domain_bridge/libdomain_bridge__rosidl_generator_py.so
-- Installing: /home/makotokurihara/projects/domain_bridge/install/domain_bridge/local/lib/python3.10/dist-packages/domain_bridge/__init__.py
-- Installing: /home/makotokurihara/projects/domain_bridge/install/domain_bridge/local/lib/python3.10/dist-packages/domain_bridge/domain_bridge_s__rosidl_typesupport_introspection_c.cpython-310-x86_64-linux-gnu.so
-- Installing: /home/makotokurihara/projects/domain_bridge/install/domain_bridge/local/lib/python3.10/dist-packages/domain_bridge/_domain_bridge_s.ep.rosidl_typesupport_c.c
-- Installing: /home/makotokurihara/projects/domain_bridge/install/domain_bridge/local/lib/python3.10/dist-packages/domain_bridge/_domain_bridge_s.ep.rosidl_typesupport_fastrtps_c.c
-- Installing: /home/makotokurihara/projects/domain_bridge/install/domain_bridge/local/lib/python3.10/dist-packages/domain_bridge/msg
-- Installing: /home/makotokurihara/projects/domain_bridge/install/domain_bridge/local/lib/python3.10/dist-packages/domain_bridge/msg/_compressed_msg_s.c
-- Installing: /home/makotokurihara/projects/domain_bridge/install/domain_bridge/local/lib/python3.10/dist-packages/domain_bridge/msg/__init__.py
-- Installing: /home/makotokurihara/projects/domain_bridge/install/domain_bridge/local/lib/python3.10/dist-packages/domain_bridge/msg/_compressed_msg.py
Listing '/home/makotokurihara/projects/domain_bridge/install/domain_bridge/local/lib/python3.10/dist-packages/domain_bridge'...
Compiling '/home/makotokurihara/projects/domain_bridge/install/domain_bridge/local/lib/python3.10/dist-packages/domain_bridge/__init__.py'...
Listing '/home/makotokurihara/projects/domain_bridge/install/domain_bridge/local/lib/python3.10/dist-packages/domain_bridge/msg'...
Compiling '/home/makotokurihara/projects/domain_bridge/install/domain_bridge/local/lib/python3.10/dist-packages/domain_bridge/msg/__init__.py'...
Compiling '/home/makotokurihara/projects/domain_bridge/install/domain_bridge/local/lib/python3.10/dist-packages/domain_bridge/msg/_compressed_msg.py'...
-- Installing: /home/makotokurihara/projects/domain_bridge/install/domain_bridge/local/lib/python3.10/dist-packages/domain_bridge/domain_bridge_s__rosidl_typesupport_fastrtps_c.cpython-310-x86_64-linux-gnu.so
-- Set runtime path of "/home/makotokurihara/projects/domain_bridge/install/domain_bridge/local/lib/python3.10/dist-packages/domain_bridge/domain_bridge_s__rosidl_typesupport_fastrtps_c.cpython-310-x86_64-linux-gnu.so" to ""
-- Installing: /home/makotokurihara/projects/domain_bridge/install/domain_bridge/local/lib/python3.10/dist-packages/domain_bridge/domain_bridge_s__rosidl_typesupport_introspection_c.cpython-310-x86_64-linux-gnu.so
-- Set runtime path of "/home/makotokurihara/projects/domain_bridge/install/domain_bridge/local/lib/python3.10/dist-packages/domain_bridge/domain_bridge_s__rosidl_typesupport_introspection_c.cpython-310-x86_64-linux-gnu.so" to ""
-- Installing: /home/makotokurihara/projects/domain_bridge/install/domain_bridge/local/lib/python3.10/dist-packages/domain_bridge/domain_bridge_s__rosidl_typesupport_c.cpython-310-x86_64-linux-gnu.so
-- Set runtime path of "/home/makotokurihara/projects/domain_bridge/install/domain_bridge/local/lib/python3.10/dist-packages/domain_bridge/domain_bridge_s__rosidl_typesupport_c.cpython-310-x86_64-linux-gnu.so" to ""
-- Installing: /home/makotokurihara/projects/domain_bridge/install/domain_bridge/lib/libdomain_bridge__rosidl_generator_py.so
-- Set runtime path of "/home/makotokurihara/projects/domain_bridge/install/domain_bridge/lib/libdomain_bridge__rosidl_generator_py.so" to ""
-- Installing: /home/makotokurihara/projects/domain_bridge/install/domain_bridge/share/domain_bridge/msg/CompressedMsg.idl
-- Installing: /home/makotokurihara/projects/domain_bridge/install/domain_bridge/share/domain_bridge/msg/CompressedMsg.msg
-- Up-to-date: /home/makotokurihara/projects/domain_bridge/install/domain_bridge/include
-- Up-to-date: /home/makotokurihara/projects/domain_bridge/install/domain_bridge/include/domain_bridge
-- Installing: /home/makotokurihara/projects/domain_bridge/install/domain_bridge/include/domain_bridge/component_manager.hpp
-- Installing: /home/makotokurihara/projects/domain_bridge/install/domain_bridge/include/domain_bridge/parse_domain_bridge_yaml_config.hpp
-- Installing: /home/makotokurihara/projects/domain_bridge/install/domain_bridge/include/domain_bridge/process_cmd_line_arguments.hpp
-- Installing: /home/makotokurihara/projects/domain_bridge/install/domain_bridge/include/domain_bridge/domain_bridge.hpp
-- Installing: /home/makotokurihara/projects/domain_bridge/install/domain_bridge/include/domain_bridge/topic_bridge.hpp
-- Installing: /home/makotokurihara/projects/domain_bridge/install/domain_bridge/include/domain_bridge/topic_bridge_options.hpp
-- Installing: /home/makotokurihara/projects/domain_bridge/install/domain_bridge/include/domain_bridge/domain_bridge_config.hpp
-- Installing: /home/makotokurihara/projects/domain_bridge/install/domain_bridge/include/domain_bridge/service_bridge_options.hpp
-- Installing: /home/makotokurihara/projects/domain_bridge/install/domain_bridge/include/domain_bridge/service_typesupport_helpers.hpp
-- Installing: /home/makotokurihara/projects/domain_bridge/install/domain_bridge/include/domain_bridge/service_bridge_impl.inc
-- Installing: /home/makotokurihara/projects/domain_bridge/install/domain_bridge/include/domain_bridge/visibility_control.hpp
-- Installing: /home/makotokurihara/projects/domain_bridge/install/domain_bridge/include/domain_bridge/compress_messages.hpp
-- Installing: /home/makotokurihara/projects/domain_bridge/install/domain_bridge/include/domain_bridge/domain_bridge_options.hpp
-- Installing: /home/makotokurihara/projects/domain_bridge/install/domain_bridge/include/domain_bridge/qos_options.hpp
-- Installing: /home/makotokurihara/projects/domain_bridge/install/domain_bridge/lib/domain_bridge/domain_bridge
-- Set runtime path of "/home/makotokurihara/projects/domain_bridge/install/domain_bridge/lib/domain_bridge/domain_bridge" to ""
-- Installing: /home/makotokurihara/projects/domain_bridge/install/domain_bridge/lib/libdomain_bridge.so
-- Set runtime path of "/home/makotokurihara/projects/domain_bridge/install/domain_bridge/lib/libdomain_bridge.so" to ""
-- Installing: /home/makotokurihara/projects/domain_bridge/install/domain_bridge/share/domain_bridge/examples
-- Installing: /home/makotokurihara/projects/domain_bridge/install/domain_bridge/share/domain_bridge/examples/example_bridge_config.yaml
-- Installing: /home/makotokurihara/projects/domain_bridge/install/domain_bridge/share/domain_bridge/launch
-- Installing: /home/makotokurihara/projects/domain_bridge/install/domain_bridge/share/domain_bridge/launch/domain_bridge.launch.xml
-- Installing: /home/makotokurihara/projects/domain_bridge/install/domain_bridge/share/ament_index/resource_index/package_run_dependencies/domain_bridge
-- Installing: /home/makotokurihara/projects/domain_bridge/install/domain_bridge/share/ament_index/resource_index/parent_prefix_path/domain_bridge
-- Installing: /home/makotokurihara/projects/domain_bridge/install/domain_bridge/share/domain_bridge/environment/ament_prefix_path.sh
-- Installing: /home/makotokurihara/projects/domain_bridge/install/domain_bridge/share/domain_bridge/environment/ament_prefix_path.dsv
-- Installing: /home/makotokurihara/projects/domain_bridge/install/domain_bridge/share/domain_bridge/environment/path.sh
-- Installing: /home/makotokurihara/projects/domain_bridge/install/domain_bridge/share/domain_bridge/environment/path.dsv
-- Installing: /home/makotokurihara/projects/domain_bridge/install/domain_bridge/share/domain_bridge/local_setup.bash
-- Installing: /home/makotokurihara/projects/domain_bridge/install/domain_bridge/share/domain_bridge/local_setup.sh
-- Installing: /home/makotokurihara/projects/domain_bridge/install/domain_bridge/share/domain_bridge/local_setup.zsh
-- Installing: /home/makotokurihara/projects/domain_bridge/install/domain_bridge/share/domain_bridge/local_setup.dsv
-- Installing: /home/makotokurihara/projects/domain_bridge/install/domain_bridge/share/domain_bridge/package.dsv
-- Installing: /home/makotokurihara/projects/domain_bridge/install/domain_bridge/share/ament_index/resource_index/packages/domain_bridge
-- Installing: /home/makotokurihara/projects/domain_bridge/install/domain_bridge/share/domain_bridge/cmake/export_domain_bridge__rosidl_generator_cExport.cmake
-- Installing: /home/makotokurihara/projects/domain_bridge/install/domain_bridge/share/domain_bridge/cmake/export_domain_bridge__rosidl_generator_cExport-noconfig.cmake
-- Installing: /home/makotokurihara/projects/domain_bridge/install/domain_bridge/share/domain_bridge/cmake/export_domain_bridge__rosidl_typesupport_fastrtps_cExport.cmake
-- Installing: /home/makotokurihara/projects/domain_bridge/install/domain_bridge/share/domain_bridge/cmake/export_domain_bridge__rosidl_typesupport_fastrtps_cExport-noconfig.cmake
-- Installing: /home/makotokurihara/projects/domain_bridge/install/domain_bridge/share/domain_bridge/cmake/export_domain_bridge__rosidl_generator_cppExport.cmake
-- Installing: /home/makotokurihara/projects/domain_bridge/install/domain_bridge/share/domain_bridge/cmake/export_domain_bridge__rosidl_typesupport_fastrtps_cppExport.cmake
-- Installing: /home/makotokurihara/projects/domain_bridge/install/domain_bridge/share/domain_bridge/cmake/export_domain_bridge__rosidl_typesupport_fastrtps_cppExport-noconfig.cmake
-- Installing: /home/makotokurihara/projects/domain_bridge/install/domain_bridge/share/domain_bridge/cmake/domain_bridge__rosidl_typesupport_introspection_cExport.cmake
-- Installing: /home/makotokurihara/projects/domain_bridge/install/domain_bridge/share/domain_bridge/cmake/domain_bridge__rosidl_typesupport_introspection_cExport-noconfig.cmake
-- Installing: /home/makotokurihara/projects/domain_bridge/install/domain_bridge/share/domain_bridge/cmake/domain_bridge__rosidl_typesupport_cExport.cmake
-- Installing: /home/makotokurihara/projects/domain_bridge/install/domain_bridge/share/domain_bridge/cmake/domain_bridge__rosidl_typesupport_cExport-noconfig.cmake
-- Installing: /home/makotokurihara/projects/domain_bridge/install/domain_bridge/share/domain_bridge/cmake/domain_bridge__rosidl_typesupport_introspection_cppExport.cmake
-- Installing: /home/makotokurihara/projects/domain_bridge/install/domain_bridge/share/domain_bridge/cmake/domain_bridge__rosidl_typesupport_introspection_cppExport-noconfig.cmake
-- Installing: /home/makotokurihara/projects/domain_bridge/install/domain_bridge/share/domain_bridge/cmake/domain_bridge__rosidl_typesupport_cppExport.cmake
-- Installing: /home/makotokurihara/projects/domain_bridge/install/domain_bridge/share/domain_bridge/cmake/domain_bridge__rosidl_typesupport_cppExport-noconfig.cmake
-- Installing: /home/makotokurihara/projects/domain_bridge/install/domain_bridge/share/domain_bridge/cmake/export_domain_bridge__rosidl_generator_pyExport.cmake
-- Installing: /home/makotokurihara/projects/domain_bridge/install/domain_bridge/share/domain_bridge/cmake/export_domain_bridge__rosidl_generator_pyExport-noconfig.cmake
-- Installing: /home/makotokurihara/projects/domain_bridge/install/domain_bridge/share/domain_bridge/cmake/export_domain_bridgeExport.cmake
-- Installing: /home/makotokurihara/projects/domain_bridge/install/domain_bridge/share/domain_bridge/cmake/export_domain_bridgeExport-noconfig.cmake
-- Installing: /home/makotokurihara/projects/domain_bridge/install/domain_bridge/share/domain_bridge/cmake/rosidl_cmake-extras.cmake
-- Installing: /home/makotokurihara/projects/domain_bridge/install/domain_bridge/share/domain_bridge/cmake/ament_cmake_export_include_directories-extras.cmake
-- Installing: /home/makotokurihara/projects/domain_bridge/install/domain_bridge/share/domain_bridge/cmake/ament_cmake_export_libraries-extras.cmake
-- Installing: /home/makotokurihara/projects/domain_bridge/install/domain_bridge/share/domain_bridge/cmake/ament_cmake_export_targets-extras.cmake
-- Installing: /home/makotokurihara/projects/domain_bridge/install/domain_bridge/share/domain_bridge/cmake/rosidl_cmake_export_typesupport_targets-extras.cmake
-- Installing: /home/makotokurihara/projects/domain_bridge/install/domain_bridge/share/domain_bridge/cmake/ament_cmake_export_dependencies-extras.cmake
-- Installing: /home/makotokurihara/projects/domain_bridge/install/domain_bridge/share/domain_bridge/cmake/rosidl_cmake_export_typesupport_libraries-extras.cmake
-- Installing: /home/makotokurihara/projects/domain_bridge/install/domain_bridge/share/domain_bridge/cmake/domain_bridgeConfig.cmake
-- Installing: /home/makotokurihara/projects/domain_bridge/install/domain_bridge/share/domain_bridge/cmake/domain_bridgeConfig-version.cmake
-- Installing: /home/makotokurihara/projects/domain_bridge/install/domain_bridge/share/domain_bridge/package.xml
