[0.014s] Invoking command in '/home/makotokurihara/projects/domain_bridge/build/domain_bridge': CMAKE_PREFIX_PATH=/opt/ros/humble /usr/bin/cmake /home/makotokurihara/projects/domain_bridge -DBUILD_TESTING=OFF -DCMAKE_INSTALL_PREFIX=/home/makotokurihara/projects/domain_bridge/install/domain_bridge
[0.035s] -- Found ament_cmake: 1.3.13 (/opt/ros/humble/share/ament_cmake/cmake)
[0.151s] -- Found rclcpp: 16.0.18 (/opt/ros/humble/share/rclcpp/cmake)
[0.174s] -- Found rosidl_generator_c: 3.1.8 (/opt/ros/humble/share/rosidl_generator_c/cmake)
[0.175s] -- Found rosidl_adapter: 3.1.8 (/opt/ros/humble/share/rosidl_adapter/cmake)
[0.179s] -- Found rosidl_generator_cpp: 3.1.8 (/opt/ros/humble/share/rosidl_generator_cpp/cmake)
[0.185s] -- Using all available rosidl_typesupport_c: rosidl_typesupport_fastrtps_c;rosidl_typesupport_introspection_c
[0.192s] -- Using all available rosidl_typesupport_cpp: rosidl_typesupport_fastrtps_cpp;rosidl_typesupport_introspection_cpp
[0.213s] -- Found rmw_implementation_cmake: 6.1.2 (/opt/ros/humble/share/rmw_implementation_cmake/cmake)
[0.213s] -- Found rmw_cyclonedds_cpp: 1.3.4 (/opt/ros/humble/share/rmw_cyclonedds_cpp/cmake)
[0.225s] -- Using RMW implementation 'rmw_cyclonedds_cpp' as default
[0.257s] -- Found rclcpp_components: 16.0.18 (/opt/ros/humble/share/rclcpp_components/cmake)
[0.269s] -- Found rosbag2_cpp: 0.15.16 (/opt/ros/humble/share/rosbag2_cpp/cmake)
[0.283s] -- Found rosidl_default_generators: 1.2.0 (/opt/ros/humble/share/rosidl_default_generators/cmake)
[0.287s] -- Found zstd_vendor: 0.15.16 (/opt/ros/humble/share/zstd_vendor/cmake)
[0.488s] -- Found ament_cmake_ros: 0.10.0 (/opt/ros/humble/share/ament_cmake_ros/cmake)
[0.786s] -- Using all available rosidl_typesupport_c: rosidl_typesupport_fastrtps_c;rosidl_typesupport_introspection_c
[0.904s] -- Using all available rosidl_typesupport_cpp: rosidl_typesupport_fastrtps_cpp;rosidl_typesupport_introspection_cpp
[0.923s] -- Found python_cmake_module: 0.10.0 (/opt/ros/humble/share/python_cmake_module/cmake)
[0.942s] -- Using PYTHON_EXECUTABLE: /usr/bin/python3
[0.942s] -- Using PYTHON_INCLUDE_DIRS: /usr/include/python3.10
[0.942s] -- Using PYTHON_LIBRARIES: /usr/lib/x86_64-linux-gnu/libpython3.10.so
[0.969s] -- Configuring done
[0.997s] -- Generating done
[1.009s] -- Build files have been written to: /home/makotokurihara/projects/domain_bridge/build/domain_bridge
[1.016s] Invoked command in '/home/makotokurihara/projects/domain_bridge/build/domain_bridge' returned '0': CMAKE_PREFIX_PATH=/opt/ros/humble /usr/bin/cmake /home/makotokurihara/projects/domain_bridge -DBUILD_TESTING=OFF -DCMAKE_INSTALL_PREFIX=/home/makotokurihara/projects/domain_bridge/install/domain_bridge
[1.018s] Invoking command in '/home/makotokurihara/projects/domain_bridge/build/domain_bridge': CMAKE_PREFIX_PATH=/opt/ros/humble /usr/bin/cmake --build /home/makotokurihara/projects/domain_bridge/build/domain_bridge -- -j14 -l14
[1.075s] Consolidate compiler generated dependencies of target domain_bridge__rosidl_generator_c
[1.088s] [  2%] Built target domain_bridge__cpp
[1.093s] [  9%] Built target domain_bridge__rosidl_generator_c
[1.113s] [  9%] Built target ament_cmake_python_copy_domain_bridge
[1.125s] Consolidate compiler generated dependencies of target domain_bridge__rosidl_typesupport_cpp
[1.126s] Consolidate compiler generated dependencies of target domain_bridge__rosidl_typesupport_fastrtps_c
[1.130s] Consolidate compiler generated dependencies of target domain_bridge__rosidl_typesupport_introspection_cpp
[1.130s] Consolidate compiler generated dependencies of target domain_bridge__rosidl_typesupport_c
[1.132s] Consolidate compiler generated dependencies of target domain_bridge__rosidl_typesupport_fastrtps_cpp
[1.132s] Consolidate compiler generated dependencies of target domain_bridge__rosidl_typesupport_introspection_c
[1.167s] [ 18%] Built target domain_bridge__rosidl_typesupport_fastrtps_c
[1.167s] [ 23%] Built target domain_bridge__rosidl_typesupport_cpp
[1.169s] [ 30%] Built target domain_bridge__rosidl_typesupport_fastrtps_cpp
[1.172s] [ 37%] Built target domain_bridge__rosidl_typesupport_introspection_cpp
[1.176s] [ 44%] Built target domain_bridge__rosidl_typesupport_c
[1.179s] [ 51%] Built target domain_bridge__rosidl_typesupport_introspection_c
[1.207s] [ 51%] Built target domain_bridge
[1.216s] Consolidate compiler generated dependencies of target domain_bridge_lib
[1.239s] [ 74%] Built target domain_bridge_lib
[1.240s] [ 76%] Built target domain_bridge__py
[1.268s] Consolidate compiler generated dependencies of target domain_bridge__rosidl_generator_py
[1.270s] Consolidate compiler generated dependencies of target domain_bridge_exec
[1.287s] [ 81%] Built target domain_bridge__rosidl_generator_py
[1.290s] [ 86%] Built target domain_bridge_exec
[1.309s] Consolidate compiler generated dependencies of target domain_bridge__rosidl_typesupport_introspection_c__pyext
[1.309s] Consolidate compiler generated dependencies of target domain_bridge__rosidl_typesupport_c__pyext
[1.310s] Consolidate compiler generated dependencies of target domain_bridge__rosidl_typesupport_fastrtps_c__pyext
[1.332s] [ 93%] Built target domain_bridge__rosidl_typesupport_introspection_c__pyext
[1.332s] [ 95%] Built target domain_bridge__rosidl_typesupport_c__pyext
[1.333s] [100%] Built target domain_bridge__rosidl_typesupport_fastrtps_c__pyext
[1.408s] running egg_info
[1.408s] writing domain_bridge.egg-info/PKG-INFO
[1.409s] writing dependency_links to domain_bridge.egg-info/dependency_links.txt
[1.409s] writing top-level names to domain_bridge.egg-info/top_level.txt
[1.411s] reading manifest file 'domain_bridge.egg-info/SOURCES.txt'
[1.411s] writing manifest file 'domain_bridge.egg-info/SOURCES.txt'
[1.444s] [100%] Built target ament_cmake_python_build_domain_bridge_egg
[1.456s] Invoked command in '/home/makotokurihara/projects/domain_bridge/build/domain_bridge' returned '0': CMAKE_PREFIX_PATH=/opt/ros/humble /usr/bin/cmake --build /home/makotokurihara/projects/domain_bridge/build/domain_bridge -- -j14 -l14
[1.467s] Invoking command in '/home/makotokurihara/projects/domain_bridge/build/domain_bridge': CMAKE_PREFIX_PATH=/opt/ros/humble /usr/bin/cmake --install /home/makotokurihara/projects/domain_bridge/build/domain_bridge
[1.478s] -- Install configuration: ""
[1.478s] -- Installing: /home/makotokurihara/projects/domain_bridge/install/domain_bridge/share/ament_index/resource_index/rosidl_interfaces/domain_bridge
[1.478s] -- Installing: /home/makotokurihara/projects/domain_bridge/install/domain_bridge/include/domain_bridge/domain_bridge
[1.478s] -- Installing: /home/makotokurihara/projects/domain_bridge/install/domain_bridge/include/domain_bridge/domain_bridge/msg
[1.478s] -- Installing: /home/makotokurihara/projects/domain_bridge/install/domain_bridge/include/domain_bridge/domain_bridge/msg/compressed_msg.h
[1.479s] -- Installing: /home/makotokurihara/projects/domain_bridge/install/domain_bridge/include/domain_bridge/domain_bridge/msg/detail
[1.479s] -- Installing: /home/makotokurihara/projects/domain_bridge/install/domain_bridge/include/domain_bridge/domain_bridge/msg/detail/compressed_msg__type_support.h
[1.479s] -- Installing: /home/makotokurihara/projects/domain_bridge/install/domain_bridge/include/domain_bridge/domain_bridge/msg/detail/compressed_msg__struct.h
[1.479s] -- Installing: /home/makotokurihara/projects/domain_bridge/install/domain_bridge/include/domain_bridge/domain_bridge/msg/detail/compressed_msg__functions.h
[1.479s] -- Installing: /home/makotokurihara/projects/domain_bridge/install/domain_bridge/include/domain_bridge/domain_bridge/msg/detail/compressed_msg__functions.c
[1.479s] -- Installing: /home/makotokurihara/projects/domain_bridge/install/domain_bridge/include/domain_bridge/domain_bridge/msg/rosidl_generator_c__visibility_control.h
[1.479s] -- Installing: /home/makotokurihara/projects/domain_bridge/install/domain_bridge/share/domain_bridge/environment/library_path.sh
[1.480s] -- Installing: /home/makotokurihara/projects/domain_bridge/install/domain_bridge/share/domain_bridge/environment/library_path.dsv
[1.480s] -- Installing: /home/makotokurihara/projects/domain_bridge/install/domain_bridge/lib/libdomain_bridge__rosidl_generator_c.so
[1.480s] -- Set runtime path of "/home/makotokurihara/projects/domain_bridge/install/domain_bridge/lib/libdomain_bridge__rosidl_generator_c.so" to ""
[1.480s] -- Up-to-date: /home/makotokurihara/projects/domain_bridge/install/domain_bridge/include/domain_bridge/domain_bridge
[1.481s] -- Up-to-date: /home/makotokurihara/projects/domain_bridge/install/domain_bridge/include/domain_bridge/domain_bridge/msg
[1.481s] -- Installing: /home/makotokurihara/projects/domain_bridge/install/domain_bridge/include/domain_bridge/domain_bridge/msg/rosidl_typesupport_fastrtps_c__visibility_control.h
[1.481s] -- Up-to-date: /home/makotokurihara/projects/domain_bridge/install/domain_bridge/include/domain_bridge/domain_bridge/msg/detail
[1.481s] -- Installing: /home/makotokurihara/projects/domain_bridge/install/domain_bridge/include/domain_bridge/domain_bridge/msg/detail/compressed_msg__rosidl_typesupport_fastrtps_c.h
[1.481s] -- Installing: /home/makotokurihara/projects/domain_bridge/install/domain_bridge/lib/libdomain_bridge__rosidl_typesupport_fastrtps_c.so
[1.481s] -- Set runtime path of "/home/makotokurihara/projects/domain_bridge/install/domain_bridge/lib/libdomain_bridge__rosidl_typesupport_fastrtps_c.so" to ""
[1.481s] -- Up-to-date: /home/makotokurihara/projects/domain_bridge/install/domain_bridge/include/domain_bridge/domain_bridge
[1.481s] -- Up-to-date: /home/makotokurihara/projects/domain_bridge/install/domain_bridge/include/domain_bridge/domain_bridge/msg
[1.481s] -- Installing: /home/makotokurihara/projects/domain_bridge/install/domain_bridge/include/domain_bridge/domain_bridge/msg/compressed_msg.hpp
[1.481s] -- Installing: /home/makotokurihara/projects/domain_bridge/install/domain_bridge/include/domain_bridge/domain_bridge/msg/rosidl_generator_cpp__visibility_control.hpp
[1.481s] -- Up-to-date: /home/makotokurihara/projects/domain_bridge/install/domain_bridge/include/domain_bridge/domain_bridge/msg/detail
[1.481s] -- Installing: /home/makotokurihara/projects/domain_bridge/install/domain_bridge/include/domain_bridge/domain_bridge/msg/detail/compressed_msg__traits.hpp
[1.481s] -- Installing: /home/makotokurihara/projects/domain_bridge/install/domain_bridge/include/domain_bridge/domain_bridge/msg/detail/compressed_msg__struct.hpp
[1.482s] -- Installing: /home/makotokurihara/projects/domain_bridge/install/domain_bridge/include/domain_bridge/domain_bridge/msg/detail/compressed_msg__type_support.hpp
[1.482s] -- Installing: /home/makotokurihara/projects/domain_bridge/install/domain_bridge/include/domain_bridge/domain_bridge/msg/detail/compressed_msg__builder.hpp
[1.482s] -- Up-to-date: /home/makotokurihara/projects/domain_bridge/install/domain_bridge/include/domain_bridge/domain_bridge
[1.482s] -- Up-to-date: /home/makotokurihara/projects/domain_bridge/install/domain_bridge/include/domain_bridge/domain_bridge/msg
[1.482s] -- Up-to-date: /home/makotokurihara/projects/domain_bridge/install/domain_bridge/include/domain_bridge/domain_bridge/msg/detail
[1.482s] -- Installing: /home/makotokurihara/projects/domain_bridge/install/domain_bridge/include/domain_bridge/domain_bridge/msg/detail/compressed_msg__rosidl_typesupport_fastrtps_cpp.hpp
[1.482s] -- Installing: /home/makotokurihara/projects/domain_bridge/install/domain_bridge/include/domain_bridge/domain_bridge/msg/detail/dds_fastrtps
[1.482s] -- Installing: /home/makotokurihara/projects/domain_bridge/install/domain_bridge/include/domain_bridge/domain_bridge/msg/rosidl_typesupport_fastrtps_cpp__visibility_control.h
[1.482s] -- Installing: /home/makotokurihara/projects/domain_bridge/install/domain_bridge/lib/libdomain_bridge__rosidl_typesupport_fastrtps_cpp.so
[1.483s] -- Set runtime path of "/home/makotokurihara/projects/domain_bridge/install/domain_bridge/lib/libdomain_bridge__rosidl_typesupport_fastrtps_cpp.so" to ""
[1.483s] -- Up-to-date: /home/makotokurihara/projects/domain_bridge/install/domain_bridge/include/domain_bridge/domain_bridge
[1.483s] -- Up-to-date: /home/makotokurihara/projects/domain_bridge/install/domain_bridge/include/domain_bridge/domain_bridge/msg
[1.483s] -- Installing: /home/makotokurihara/projects/domain_bridge/install/domain_bridge/include/domain_bridge/domain_bridge/msg/rosidl_typesupport_introspection_c__visibility_control.h
[1.483s] -- Up-to-date: /home/makotokurihara/projects/domain_bridge/install/domain_bridge/include/domain_bridge/domain_bridge/msg/detail
[1.483s] -- Installing: /home/makotokurihara/projects/domain_bridge/install/domain_bridge/include/domain_bridge/domain_bridge/msg/detail/compressed_msg__rosidl_typesupport_introspection_c.h
[1.483s] -- Installing: /home/makotokurihara/projects/domain_bridge/install/domain_bridge/include/domain_bridge/domain_bridge/msg/detail/compressed_msg__type_support.c
[1.483s] -- Installing: /home/makotokurihara/projects/domain_bridge/install/domain_bridge/lib/libdomain_bridge__rosidl_typesupport_introspection_c.so
[1.484s] -- Set runtime path of "/home/makotokurihara/projects/domain_bridge/install/domain_bridge/lib/libdomain_bridge__rosidl_typesupport_introspection_c.so" to ""
[1.484s] -- Installing: /home/makotokurihara/projects/domain_bridge/install/domain_bridge/lib/libdomain_bridge__rosidl_typesupport_c.so
[1.484s] -- Set runtime path of "/home/makotokurihara/projects/domain_bridge/install/domain_bridge/lib/libdomain_bridge__rosidl_typesupport_c.so" to ""
[1.484s] -- Up-to-date: /home/makotokurihara/projects/domain_bridge/install/domain_bridge/include/domain_bridge/domain_bridge
[1.484s] -- Up-to-date: /home/makotokurihara/projects/domain_bridge/install/domain_bridge/include/domain_bridge/domain_bridge/msg
[1.484s] -- Up-to-date: /home/makotokurihara/projects/domain_bridge/install/domain_bridge/include/domain_bridge/domain_bridge/msg/detail
[1.484s] -- Installing: /home/makotokurihara/projects/domain_bridge/install/domain_bridge/include/domain_bridge/domain_bridge/msg/detail/compressed_msg__type_support.cpp
[1.484s] -- Installing: /home/makotokurihara/projects/domain_bridge/install/domain_bridge/include/domain_bridge/domain_bridge/msg/detail/compressed_msg__rosidl_typesupport_introspection_cpp.hpp
[1.484s] -- Installing: /home/makotokurihara/projects/domain_bridge/install/domain_bridge/lib/libdomain_bridge__rosidl_typesupport_introspection_cpp.so
[1.485s] -- Set runtime path of "/home/makotokurihara/projects/domain_bridge/install/domain_bridge/lib/libdomain_bridge__rosidl_typesupport_introspection_cpp.so" to ""
[1.485s] -- Installing: /home/makotokurihara/projects/domain_bridge/install/domain_bridge/lib/libdomain_bridge__rosidl_typesupport_cpp.so
[1.485s] -- Set runtime path of "/home/makotokurihara/projects/domain_bridge/install/domain_bridge/lib/libdomain_bridge__rosidl_typesupport_cpp.so" to ""
[1.485s] -- Installing: /home/makotokurihara/projects/domain_bridge/install/domain_bridge/share/domain_bridge/environment/pythonpath.sh
[1.485s] -- Installing: /home/makotokurihara/projects/domain_bridge/install/domain_bridge/share/domain_bridge/environment/pythonpath.dsv
[1.485s] -- Installing: /home/makotokurihara/projects/domain_bridge/install/domain_bridge/local/lib/python3.10/dist-packages/domain_bridge-0.5.0-py3.10.egg-info
[1.486s] -- Installing: /home/makotokurihara/projects/domain_bridge/install/domain_bridge/local/lib/python3.10/dist-packages/domain_bridge-0.5.0-py3.10.egg-info/dependency_links.txt
[1.486s] -- Installing: /home/makotokurihara/projects/domain_bridge/install/domain_bridge/local/lib/python3.10/dist-packages/domain_bridge-0.5.0-py3.10.egg-info/PKG-INFO
[1.486s] -- Installing: /home/makotokurihara/projects/domain_bridge/install/domain_bridge/local/lib/python3.10/dist-packages/domain_bridge-0.5.0-py3.10.egg-info/top_level.txt
[1.486s] -- Installing: /home/makotokurihara/projects/domain_bridge/install/domain_bridge/local/lib/python3.10/dist-packages/domain_bridge-0.5.0-py3.10.egg-info/SOURCES.txt
[1.486s] -- Installing: /home/makotokurihara/projects/domain_bridge/install/domain_bridge/local/lib/python3.10/dist-packages/domain_bridge
[1.486s] -- Installing: /home/makotokurihara/projects/domain_bridge/install/domain_bridge/local/lib/python3.10/dist-packages/domain_bridge/domain_bridge_s__rosidl_typesupport_fastrtps_c.cpython-310-x86_64-linux-gnu.so
[1.486s] -- Installing: /home/makotokurihara/projects/domain_bridge/install/domain_bridge/local/lib/python3.10/dist-packages/domain_bridge/domain_bridge_s__rosidl_typesupport_c.cpython-310-x86_64-linux-gnu.so
[1.487s] -- Installing: /home/makotokurihara/projects/domain_bridge/install/domain_bridge/local/lib/python3.10/dist-packages/domain_bridge/_domain_bridge_s.ep.rosidl_typesupport_introspection_c.c
[1.487s] -- Installing: /home/makotokurihara/projects/domain_bridge/install/domain_bridge/local/lib/python3.10/dist-packages/domain_bridge/libdomain_bridge__rosidl_generator_py.so
[1.487s] -- Installing: /home/makotokurihara/projects/domain_bridge/install/domain_bridge/local/lib/python3.10/dist-packages/domain_bridge/__init__.py
[1.487s] -- Installing: /home/makotokurihara/projects/domain_bridge/install/domain_bridge/local/lib/python3.10/dist-packages/domain_bridge/domain_bridge_s__rosidl_typesupport_introspection_c.cpython-310-x86_64-linux-gnu.so
[1.487s] -- Installing: /home/makotokurihara/projects/domain_bridge/install/domain_bridge/local/lib/python3.10/dist-packages/domain_bridge/_domain_bridge_s.ep.rosidl_typesupport_c.c
[1.487s] -- Installing: /home/makotokurihara/projects/domain_bridge/install/domain_bridge/local/lib/python3.10/dist-packages/domain_bridge/_domain_bridge_s.ep.rosidl_typesupport_fastrtps_c.c
[1.487s] -- Installing: /home/makotokurihara/projects/domain_bridge/install/domain_bridge/local/lib/python3.10/dist-packages/domain_bridge/msg
[1.487s] -- Installing: /home/makotokurihara/projects/domain_bridge/install/domain_bridge/local/lib/python3.10/dist-packages/domain_bridge/msg/_compressed_msg_s.c
[1.488s] -- Installing: /home/makotokurihara/projects/domain_bridge/install/domain_bridge/local/lib/python3.10/dist-packages/domain_bridge/msg/__init__.py
[1.488s] -- Installing: /home/makotokurihara/projects/domain_bridge/install/domain_bridge/local/lib/python3.10/dist-packages/domain_bridge/msg/_compressed_msg.py
[1.515s] Listing '/home/makotokurihara/projects/domain_bridge/install/domain_bridge/local/lib/python3.10/dist-packages/domain_bridge'...
[1.515s] Compiling '/home/makotokurihara/projects/domain_bridge/install/domain_bridge/local/lib/python3.10/dist-packages/domain_bridge/__init__.py'...
[1.515s] Listing '/home/makotokurihara/projects/domain_bridge/install/domain_bridge/local/lib/python3.10/dist-packages/domain_bridge/msg'...
[1.515s] Compiling '/home/makotokurihara/projects/domain_bridge/install/domain_bridge/local/lib/python3.10/dist-packages/domain_bridge/msg/__init__.py'...
[1.515s] Compiling '/home/makotokurihara/projects/domain_bridge/install/domain_bridge/local/lib/python3.10/dist-packages/domain_bridge/msg/_compressed_msg.py'...
[1.518s] -- Installing: /home/makotokurihara/projects/domain_bridge/install/domain_bridge/local/lib/python3.10/dist-packages/domain_bridge/domain_bridge_s__rosidl_typesupport_fastrtps_c.cpython-310-x86_64-linux-gnu.so
[1.518s] -- Set runtime path of "/home/makotokurihara/projects/domain_bridge/install/domain_bridge/local/lib/python3.10/dist-packages/domain_bridge/domain_bridge_s__rosidl_typesupport_fastrtps_c.cpython-310-x86_64-linux-gnu.so" to ""
[1.518s] -- Installing: /home/makotokurihara/projects/domain_bridge/install/domain_bridge/local/lib/python3.10/dist-packages/domain_bridge/domain_bridge_s__rosidl_typesupport_introspection_c.cpython-310-x86_64-linux-gnu.so
[1.519s] -- Set runtime path of "/home/makotokurihara/projects/domain_bridge/install/domain_bridge/local/lib/python3.10/dist-packages/domain_bridge/domain_bridge_s__rosidl_typesupport_introspection_c.cpython-310-x86_64-linux-gnu.so" to ""
[1.519s] -- Installing: /home/makotokurihara/projects/domain_bridge/install/domain_bridge/local/lib/python3.10/dist-packages/domain_bridge/domain_bridge_s__rosidl_typesupport_c.cpython-310-x86_64-linux-gnu.so
[1.519s] -- Set runtime path of "/home/makotokurihara/projects/domain_bridge/install/domain_bridge/local/lib/python3.10/dist-packages/domain_bridge/domain_bridge_s__rosidl_typesupport_c.cpython-310-x86_64-linux-gnu.so" to ""
[1.519s] -- Installing: /home/makotokurihara/projects/domain_bridge/install/domain_bridge/lib/libdomain_bridge__rosidl_generator_py.so
[1.520s] -- Set runtime path of "/home/makotokurihara/projects/domain_bridge/install/domain_bridge/lib/libdomain_bridge__rosidl_generator_py.so" to ""
[1.520s] -- Installing: /home/makotokurihara/projects/domain_bridge/install/domain_bridge/share/domain_bridge/msg/CompressedMsg.idl
[1.520s] -- Installing: /home/makotokurihara/projects/domain_bridge/install/domain_bridge/share/domain_bridge/msg/CompressedMsg.msg
[1.520s] -- Up-to-date: /home/makotokurihara/projects/domain_bridge/install/domain_bridge/include
[1.520s] -- Up-to-date: /home/makotokurihara/projects/domain_bridge/install/domain_bridge/include/domain_bridge
[1.520s] -- Installing: /home/makotokurihara/projects/domain_bridge/install/domain_bridge/include/domain_bridge/component_manager.hpp
[1.520s] -- Installing: /home/makotokurihara/projects/domain_bridge/install/domain_bridge/include/domain_bridge/parse_domain_bridge_yaml_config.hpp
[1.520s] -- Installing: /home/makotokurihara/projects/domain_bridge/install/domain_bridge/include/domain_bridge/process_cmd_line_arguments.hpp
[1.521s] -- Installing: /home/makotokurihara/projects/domain_bridge/install/domain_bridge/include/domain_bridge/domain_bridge.hpp
[1.521s] -- Installing: /home/makotokurihara/projects/domain_bridge/install/domain_bridge/include/domain_bridge/topic_bridge.hpp
[1.521s] -- Installing: /home/makotokurihara/projects/domain_bridge/install/domain_bridge/include/domain_bridge/topic_bridge_options.hpp
[1.521s] -- Installing: /home/makotokurihara/projects/domain_bridge/install/domain_bridge/include/domain_bridge/domain_bridge_config.hpp
[1.521s] -- Installing: /home/makotokurihara/projects/domain_bridge/install/domain_bridge/include/domain_bridge/service_bridge_options.hpp
[1.521s] -- Installing: /home/makotokurihara/projects/domain_bridge/install/domain_bridge/include/domain_bridge/service_typesupport_helpers.hpp
[1.521s] -- Installing: /home/makotokurihara/projects/domain_bridge/install/domain_bridge/include/domain_bridge/service_bridge_impl.inc
[1.522s] -- Installing: /home/makotokurihara/projects/domain_bridge/install/domain_bridge/include/domain_bridge/visibility_control.hpp
[1.522s] -- Installing: /home/makotokurihara/projects/domain_bridge/install/domain_bridge/include/domain_bridge/compress_messages.hpp
[1.522s] -- Installing: /home/makotokurihara/projects/domain_bridge/install/domain_bridge/include/domain_bridge/domain_bridge_options.hpp
[1.522s] -- Installing: /home/makotokurihara/projects/domain_bridge/install/domain_bridge/include/domain_bridge/qos_options.hpp
[1.522s] -- Installing: /home/makotokurihara/projects/domain_bridge/install/domain_bridge/lib/domain_bridge/domain_bridge
[1.523s] -- Set runtime path of "/home/makotokurihara/projects/domain_bridge/install/domain_bridge/lib/domain_bridge/domain_bridge" to ""
[1.523s] -- Installing: /home/makotokurihara/projects/domain_bridge/install/domain_bridge/lib/libdomain_bridge.so
[1.531s] -- Set runtime path of "/home/makotokurihara/projects/domain_bridge/install/domain_bridge/lib/libdomain_bridge.so" to ""
[1.532s] -- Installing: /home/makotokurihara/projects/domain_bridge/install/domain_bridge/share/domain_bridge/examples
[1.532s] -- Installing: /home/makotokurihara/projects/domain_bridge/install/domain_bridge/share/domain_bridge/examples/example_bridge_config.yaml
[1.532s] -- Installing: /home/makotokurihara/projects/domain_bridge/install/domain_bridge/share/domain_bridge/launch
[1.532s] -- Installing: /home/makotokurihara/projects/domain_bridge/install/domain_bridge/share/domain_bridge/launch/domain_bridge.launch.xml
[1.532s] -- Installing: /home/makotokurihara/projects/domain_bridge/install/domain_bridge/share/ament_index/resource_index/package_run_dependencies/domain_bridge
[1.532s] -- Installing: /home/makotokurihara/projects/domain_bridge/install/domain_bridge/share/ament_index/resource_index/parent_prefix_path/domain_bridge
[1.532s] -- Installing: /home/makotokurihara/projects/domain_bridge/install/domain_bridge/share/domain_bridge/environment/ament_prefix_path.sh
[1.532s] -- Installing: /home/makotokurihara/projects/domain_bridge/install/domain_bridge/share/domain_bridge/environment/ament_prefix_path.dsv
[1.533s] -- Installing: /home/makotokurihara/projects/domain_bridge/install/domain_bridge/share/domain_bridge/environment/path.sh
[1.533s] -- Installing: /home/makotokurihara/projects/domain_bridge/install/domain_bridge/share/domain_bridge/environment/path.dsv
[1.533s] -- Installing: /home/makotokurihara/projects/domain_bridge/install/domain_bridge/share/domain_bridge/local_setup.bash
[1.533s] -- Installing: /home/makotokurihara/projects/domain_bridge/install/domain_bridge/share/domain_bridge/local_setup.sh
[1.533s] -- Installing: /home/makotokurihara/projects/domain_bridge/install/domain_bridge/share/domain_bridge/local_setup.zsh
[1.533s] -- Installing: /home/makotokurihara/projects/domain_bridge/install/domain_bridge/share/domain_bridge/local_setup.dsv
[1.534s] -- Installing: /home/makotokurihara/projects/domain_bridge/install/domain_bridge/share/domain_bridge/package.dsv
[1.534s] -- Installing: /home/makotokurihara/projects/domain_bridge/install/domain_bridge/share/ament_index/resource_index/packages/domain_bridge
[1.534s] -- Installing: /home/makotokurihara/projects/domain_bridge/install/domain_bridge/share/domain_bridge/cmake/export_domain_bridge__rosidl_generator_cExport.cmake
[1.534s] -- Installing: /home/makotokurihara/projects/domain_bridge/install/domain_bridge/share/domain_bridge/cmake/export_domain_bridge__rosidl_generator_cExport-noconfig.cmake
[1.534s] -- Installing: /home/makotokurihara/projects/domain_bridge/install/domain_bridge/share/domain_bridge/cmake/export_domain_bridge__rosidl_typesupport_fastrtps_cExport.cmake
[1.535s] -- Installing: /home/makotokurihara/projects/domain_bridge/install/domain_bridge/share/domain_bridge/cmake/export_domain_bridge__rosidl_typesupport_fastrtps_cExport-noconfig.cmake
[1.535s] -- Installing: /home/makotokurihara/projects/domain_bridge/install/domain_bridge/share/domain_bridge/cmake/export_domain_bridge__rosidl_generator_cppExport.cmake
[1.535s] -- Installing: /home/makotokurihara/projects/domain_bridge/install/domain_bridge/share/domain_bridge/cmake/export_domain_bridge__rosidl_typesupport_fastrtps_cppExport.cmake
[1.535s] -- Installing: /home/makotokurihara/projects/domain_bridge/install/domain_bridge/share/domain_bridge/cmake/export_domain_bridge__rosidl_typesupport_fastrtps_cppExport-noconfig.cmake
[1.535s] -- Installing: /home/makotokurihara/projects/domain_bridge/install/domain_bridge/share/domain_bridge/cmake/domain_bridge__rosidl_typesupport_introspection_cExport.cmake
[1.535s] -- Installing: /home/makotokurihara/projects/domain_bridge/install/domain_bridge/share/domain_bridge/cmake/domain_bridge__rosidl_typesupport_introspection_cExport-noconfig.cmake
[1.536s] -- Installing: /home/makotokurihara/projects/domain_bridge/install/domain_bridge/share/domain_bridge/cmake/domain_bridge__rosidl_typesupport_cExport.cmake
[1.536s] -- Installing: /home/makotokurihara/projects/domain_bridge/install/domain_bridge/share/domain_bridge/cmake/domain_bridge__rosidl_typesupport_cExport-noconfig.cmake
[1.536s] -- Installing: /home/makotokurihara/projects/domain_bridge/install/domain_bridge/share/domain_bridge/cmake/domain_bridge__rosidl_typesupport_introspection_cppExport.cmake
[1.536s] -- Installing: /home/makotokurihara/projects/domain_bridge/install/domain_bridge/share/domain_bridge/cmake/domain_bridge__rosidl_typesupport_introspection_cppExport-noconfig.cmake
[1.536s] -- Installing: /home/makotokurihara/projects/domain_bridge/install/domain_bridge/share/domain_bridge/cmake/domain_bridge__rosidl_typesupport_cppExport.cmake
[1.536s] -- Installing: /home/makotokurihara/projects/domain_bridge/install/domain_bridge/share/domain_bridge/cmake/domain_bridge__rosidl_typesupport_cppExport-noconfig.cmake
[1.537s] -- Installing: /home/makotokurihara/projects/domain_bridge/install/domain_bridge/share/domain_bridge/cmake/export_domain_bridge__rosidl_generator_pyExport.cmake
[1.537s] -- Installing: /home/makotokurihara/projects/domain_bridge/install/domain_bridge/share/domain_bridge/cmake/export_domain_bridge__rosidl_generator_pyExport-noconfig.cmake
[1.537s] -- Installing: /home/makotokurihara/projects/domain_bridge/install/domain_bridge/share/domain_bridge/cmake/export_domain_bridgeExport.cmake
[1.537s] -- Installing: /home/makotokurihara/projects/domain_bridge/install/domain_bridge/share/domain_bridge/cmake/export_domain_bridgeExport-noconfig.cmake
[1.537s] -- Installing: /home/makotokurihara/projects/domain_bridge/install/domain_bridge/share/domain_bridge/cmake/rosidl_cmake-extras.cmake
[1.537s] -- Installing: /home/makotokurihara/projects/domain_bridge/install/domain_bridge/share/domain_bridge/cmake/ament_cmake_export_include_directories-extras.cmake
[1.538s] -- Installing: /home/makotokurihara/projects/domain_bridge/install/domain_bridge/share/domain_bridge/cmake/ament_cmake_export_libraries-extras.cmake
[1.538s] -- Installing: /home/makotokurihara/projects/domain_bridge/install/domain_bridge/share/domain_bridge/cmake/ament_cmake_export_targets-extras.cmake
[1.538s] -- Installing: /home/makotokurihara/projects/domain_bridge/install/domain_bridge/share/domain_bridge/cmake/rosidl_cmake_export_typesupport_targets-extras.cmake
[1.538s] -- Installing: /home/makotokurihara/projects/domain_bridge/install/domain_bridge/share/domain_bridge/cmake/ament_cmake_export_dependencies-extras.cmake
[1.538s] -- Installing: /home/makotokurihara/projects/domain_bridge/install/domain_bridge/share/domain_bridge/cmake/rosidl_cmake_export_typesupport_libraries-extras.cmake
[1.538s] -- Installing: /home/makotokurihara/projects/domain_bridge/install/domain_bridge/share/domain_bridge/cmake/domain_bridgeConfig.cmake
[1.539s] -- Installing: /home/makotokurihara/projects/domain_bridge/install/domain_bridge/share/domain_bridge/cmake/domain_bridgeConfig-version.cmake
[1.539s] -- Installing: /home/makotokurihara/projects/domain_bridge/install/domain_bridge/share/domain_bridge/package.xml
[1.542s] Invoked command in '/home/makotokurihara/projects/domain_bridge/build/domain_bridge' returned '0': CMAKE_PREFIX_PATH=/opt/ros/humble /usr/bin/cmake --install /home/makotokurihara/projects/domain_bridge/build/domain_bridge
