[0.262s] DEBUG:colcon:Command line arguments: ['/usr/bin/colcon', 'build', '--packages-select', 'domain_bridge']
[0.263s] DEBUG:colcon:Parsed command line arguments: Namespace(log_base=None, log_level=None, verb_name='build', build_base='build', install_base='install', merge_install=False, symlink_install=False, test_result_base=None, continue_on_error=False, executor='parallel', parallel_workers=14, event_handlers=None, ignore_user_meta=False, metas=['./colcon.meta'], base_paths=['.'], packages_ignore=None, packages_ignore_regex=None, paths=None, packages_up_to=None, packages_up_to_regex=None, packages_above=None, packages_above_and_dependencies=None, packages_above_depth=None, packages_select_by_dep=None, packages_skip_by_dep=None, packages_skip_up_to=None, packages_select_build_failed=False, packages_skip_build_finished=False, packages_select_test_failures=False, packages_skip_test_passed=False, packages_select=['domain_bridge'], packages_skip=None, packages_select_regex=None, packages_skip_regex=None, packages_start=None, packages_end=None, allow_overriding=[], cmake_args=None, cmake_target=None, cmake_target_skip_unavailable=False, cmake_clean_cache=False, cmake_clean_first=False, cmake_force_configure=False, ament_cmake_args=None, catkin_cmake_args=None, catkin_skip_building_tests=False, mixin_files=None, mixin=None, verb_parser=<colcon_mixin.mixin.mixin_argument.MixinArgumentDecorator object at 0x794c0a88d0c0>, verb_extension=<colcon_core.verb.build.BuildVerb object at 0x794c0a80a680>, main=<bound method BuildVerb.main of <colcon_core.verb.build.BuildVerb object at 0x794c0a80a680>>, mixin_verb=('build',))
[0.459s] Level 1:colcon.colcon_core.package_discovery:discover_packages(colcon_meta) check parameters
[0.459s] Level 1:colcon.colcon_core.package_discovery:discover_packages(recursive) check parameters
[0.459s] Level 1:colcon.colcon_core.package_discovery:discover_packages(ignore) check parameters
[0.459s] Level 1:colcon.colcon_core.package_discovery:discover_packages(path) check parameters
[0.459s] Level 1:colcon.colcon_core.package_discovery:discover_packages(colcon_meta) discover
[0.459s] Level 1:colcon.colcon_core.package_discovery:discover_packages(recursive) discover
[0.459s] INFO:colcon.colcon_core.package_discovery:Crawling recursively for packages in '/home/makotokurihara/projects/domain_bridge'
[0.459s] Level 1:colcon.colcon_core.package_identification:_identify(.) by extensions ['ignore', 'ignore_ament_install']
[0.459s] Level 1:colcon.colcon_core.package_identification:_identify(.) by extension 'ignore'
[0.460s] Level 1:colcon.colcon_core.package_identification:_identify(.) by extension 'ignore_ament_install'
[0.460s] Level 1:colcon.colcon_core.package_identification:_identify(.) by extensions ['colcon_pkg']
[0.460s] Level 1:colcon.colcon_core.package_identification:_identify(.) by extension 'colcon_pkg'
[0.460s] Level 1:colcon.colcon_core.package_identification:_identify(.) by extensions ['colcon_meta']
[0.460s] Level 1:colcon.colcon_core.package_identification:_identify(.) by extension 'colcon_meta'
[0.460s] Level 1:colcon.colcon_core.package_identification:_identify(.) by extensions ['ros']
[0.460s] Level 1:colcon.colcon_core.package_identification:_identify(.) by extension 'ros'
[0.477s] DEBUG:colcon.colcon_core.package_identification:Package '.' with type 'ros.ament_cmake' and name 'domain_bridge'
[0.477s] Level 1:colcon.colcon_core.package_discovery:discover_packages(recursive) using defaults
[0.477s] Level 1:colcon.colcon_core.package_discovery:discover_packages(ignore) discover
[0.477s] Level 1:colcon.colcon_core.package_discovery:discover_packages(ignore) using defaults
[0.477s] Level 1:colcon.colcon_core.package_discovery:discover_packages(path) discover
[0.477s] Level 1:colcon.colcon_core.package_discovery:discover_packages(path) using defaults
[0.494s] Level 1:colcon.colcon_core.package_discovery:discover_packages(prefix_path) check parameters
[0.494s] Level 1:colcon.colcon_core.package_discovery:discover_packages(prefix_path) discover
[0.497s] DEBUG:colcon.colcon_installed_package_information.package_discovery:Found 368 installed packages in /opt/ros/humble
[0.498s] Level 1:colcon.colcon_core.package_discovery:discover_packages(prefix_path) using defaults
[0.525s] Level 5:colcon.colcon_core.verb:set package 'domain_bridge' build argument 'cmake_args' from command line to 'None'
[0.526s] Level 5:colcon.colcon_core.verb:set package 'domain_bridge' build argument 'cmake_target' from command line to 'None'
[0.526s] Level 5:colcon.colcon_core.verb:set package 'domain_bridge' build argument 'cmake_target_skip_unavailable' from command line to 'False'
[0.526s] Level 5:colcon.colcon_core.verb:set package 'domain_bridge' build argument 'cmake_clean_cache' from command line to 'False'
[0.526s] Level 5:colcon.colcon_core.verb:set package 'domain_bridge' build argument 'cmake_clean_first' from command line to 'False'
[0.526s] Level 5:colcon.colcon_core.verb:set package 'domain_bridge' build argument 'cmake_force_configure' from command line to 'False'
[0.526s] Level 5:colcon.colcon_core.verb:set package 'domain_bridge' build argument 'ament_cmake_args' from command line to 'None'
[0.526s] Level 5:colcon.colcon_core.verb:set package 'domain_bridge' build argument 'catkin_cmake_args' from command line to 'None'
[0.526s] Level 5:colcon.colcon_core.verb:set package 'domain_bridge' build argument 'catkin_skip_building_tests' from command line to 'False'
[0.526s] DEBUG:colcon.colcon_core.verb:Building package 'domain_bridge' with the following arguments: {'ament_cmake_args': None, 'build_base': '/home/makotokurihara/projects/domain_bridge/build/domain_bridge', 'catkin_cmake_args': None, 'catkin_skip_building_tests': False, 'cmake_args': None, 'cmake_clean_cache': False, 'cmake_clean_first': False, 'cmake_force_configure': False, 'cmake_target': None, 'cmake_target_skip_unavailable': False, 'install_base': '/home/makotokurihara/projects/domain_bridge/install/domain_bridge', 'merge_install': False, 'path': '/home/makotokurihara/projects/domain_bridge', 'symlink_install': False, 'test_result_base': None}
[0.526s] INFO:colcon.colcon_core.executor:Executing jobs using 'parallel' executor
[0.527s] DEBUG:colcon.colcon_parallel_executor.executor.parallel:run_until_complete
[0.527s] INFO:colcon.colcon_ros.task.ament_cmake.build:Building ROS package in '/home/makotokurihara/projects/domain_bridge' with build type 'ament_cmake'
[0.527s] INFO:colcon.colcon_cmake.task.cmake.build:Building CMake package in '/home/makotokurihara/projects/domain_bridge'
[0.530s] INFO:colcon.colcon_core.plugin_system:Skipping extension 'colcon_core.shell.bat': Not used on non-Windows systems
[0.530s] INFO:colcon.colcon_core.shell:Skip shell extension 'powershell' for command environment: Not usable outside of PowerShell
[0.530s] DEBUG:colcon.colcon_core.shell:Skip shell extension 'dsv' for command environment
[0.544s] DEBUG:colcon.colcon_core.event_handler.log_command:Invoking command in '/home/makotokurihara/projects/domain_bridge/build/domain_bridge': CMAKE_PREFIX_PATH=/opt/ros/humble /usr/bin/cmake /home/makotokurihara/projects/domain_bridge -DCMAKE_INSTALL_PREFIX=/home/makotokurihara/projects/domain_bridge/install/domain_bridge
[3.023s] DEBUG:colcon.colcon_core.event_handler.log_command:Invoked command in '/home/makotokurihara/projects/domain_bridge/build/domain_bridge' returned '0': CMAKE_PREFIX_PATH=/opt/ros/humble /usr/bin/cmake /home/makotokurihara/projects/domain_bridge -DCMAKE_INSTALL_PREFIX=/home/makotokurihara/projects/domain_bridge/install/domain_bridge
[3.024s] DEBUG:colcon.colcon_core.event_handler.log_command:Invoking command in '/home/makotokurihara/projects/domain_bridge/build/domain_bridge': CMAKE_PREFIX_PATH=/opt/ros/humble /usr/bin/cmake --build /home/makotokurihara/projects/domain_bridge/build/domain_bridge -- -j14 -l14
[27.461s] DEBUG:colcon.colcon_core.event_handler.log_command:Invoked command in '/home/makotokurihara/projects/domain_bridge/build/domain_bridge' returned '2': CMAKE_PREFIX_PATH=/opt/ros/humble /usr/bin/cmake --build /home/makotokurihara/projects/domain_bridge/build/domain_bridge -- -j14 -l14
[27.462s] Level 1:colcon.colcon_core.environment:create_environment_scripts_only(domain_bridge)
[27.469s] Level 1:colcon.colcon_core.environment:checking '/home/makotokurihara/projects/domain_bridge/install/domain_bridge' for CMake module files
[27.470s] Level 1:colcon.colcon_core.environment:checking '/home/makotokurihara/projects/domain_bridge/install/domain_bridge' for CMake config files
[27.470s] Level 1:colcon.colcon_core.environment:checking '/home/makotokurihara/projects/domain_bridge/install/domain_bridge/bin'
[27.471s] Level 1:colcon.colcon_core.environment:checking '/home/makotokurihara/projects/domain_bridge/install/domain_bridge/lib/pkgconfig/domain_bridge.pc'
[27.471s] Level 1:colcon.colcon_core.environment:checking '/home/makotokurihara/projects/domain_bridge/install/domain_bridge/lib/python3.10/site-packages'
[27.472s] Level 1:colcon.colcon_core.environment:checking '/home/makotokurihara/projects/domain_bridge/install/domain_bridge/bin'
[27.472s] INFO:colcon.colcon_core.shell:Creating package script '/home/makotokurihara/projects/domain_bridge/install/domain_bridge/share/domain_bridge/package.ps1'
[27.474s] INFO:colcon.colcon_core.shell:Creating package descriptor '/home/makotokurihara/projects/domain_bridge/install/domain_bridge/share/domain_bridge/package.dsv'
[27.475s] INFO:colcon.colcon_core.shell:Creating package script '/home/makotokurihara/projects/domain_bridge/install/domain_bridge/share/domain_bridge/package.sh'
[27.476s] INFO:colcon.colcon_core.shell:Creating package script '/home/makotokurihara/projects/domain_bridge/install/domain_bridge/share/domain_bridge/package.bash'
[27.478s] INFO:colcon.colcon_core.shell:Creating package script '/home/makotokurihara/projects/domain_bridge/install/domain_bridge/share/domain_bridge/package.zsh'
[27.479s] Level 1:colcon.colcon_core.environment:create_file_with_runtime_dependencies(/home/makotokurihara/projects/domain_bridge/install/domain_bridge/share/colcon-core/packages/domain_bridge)
[27.489s] DEBUG:colcon.colcon_parallel_executor.executor.parallel:closing loop
[27.490s] DEBUG:colcon.colcon_parallel_executor.executor.parallel:loop closed
[27.490s] DEBUG:colcon.colcon_parallel_executor.executor.parallel:run_until_complete finished with '2'
[27.490s] DEBUG:colcon.colcon_core.event_reactor:joining thread
[27.499s] INFO:colcon.colcon_core.plugin_system:Skipping extension 'colcon_notification.desktop_notification.terminal_notifier': Not used on non-Darwin systems
[27.499s] INFO:colcon.colcon_core.plugin_system:Skipping extension 'colcon_notification.desktop_notification.win32': Not used on non-Windows systems
[27.500s] INFO:colcon.colcon_notification.desktop_notification:Sending desktop notification using 'notify2'
[27.500s] DEBUG:colcon.colcon_notification.desktop_notification.notify2:Failed to initialize notify2: org.freedesktop.DBus.Error.NoReply: Did not receive a reply. Possible causes include: the remote application did not send a reply, the message bus security policy blocked the reply, the reply timeout expired, or the network connection was broken.
[27.500s] DEBUG:colcon.colcon_core.event_reactor:joined thread
[27.501s] INFO:colcon.colcon_core.shell:Creating prefix script '/home/makotokurihara/projects/domain_bridge/install/local_setup.ps1'
[27.502s] INFO:colcon.colcon_core.shell:Creating prefix util module '/home/makotokurihara/projects/domain_bridge/install/_local_setup_util_ps1.py'
[27.503s] INFO:colcon.colcon_core.shell:Creating prefix chain script '/home/makotokurihara/projects/domain_bridge/install/setup.ps1'
[27.505s] INFO:colcon.colcon_core.shell:Creating prefix script '/home/makotokurihara/projects/domain_bridge/install/local_setup.sh'
[27.506s] INFO:colcon.colcon_core.shell:Creating prefix util module '/home/makotokurihara/projects/domain_bridge/install/_local_setup_util_sh.py'
[27.507s] INFO:colcon.colcon_core.shell:Creating prefix chain script '/home/makotokurihara/projects/domain_bridge/install/setup.sh'
[27.508s] INFO:colcon.colcon_core.shell:Creating prefix script '/home/makotokurihara/projects/domain_bridge/install/local_setup.bash'
[27.509s] INFO:colcon.colcon_core.shell:Creating prefix chain script '/home/makotokurihara/projects/domain_bridge/install/setup.bash'
[27.511s] INFO:colcon.colcon_core.shell:Creating prefix script '/home/makotokurihara/projects/domain_bridge/install/local_setup.zsh'
[27.511s] INFO:colcon.colcon_core.shell:Creating prefix chain script '/home/makotokurihara/projects/domain_bridge/install/setup.zsh'
